 KPT            1  SPIN            1  KWEIGHT    1.0000000000000000     
     1   -25.032  2.00000
     2   -24.496  2.00000
     3   -23.206  2.00000
     4   -18.719  2.00000
     5   -17.990  2.00000
     6   -17.102  2.00000
     7   -16.641  2.00000
     8   -16.247  2.00000
     9   -14.781  2.00000
    10   -13.902  2.00000
    11   -13.295  2.00000
    12   -13.012  2.00000
    13   -12.260  2.00000
    14   -11.281  2.00000
    15   -11.190  2.00000
    16   -10.930  2.00000
    17   -10.642  2.00000
    18   -10.490  2.00000
    19   -10.394  2.00000
    20    -9.946  2.00000
    21    -9.729  2.00000
    22    -9.514  2.00000
    23    -9.339  2.00000
    24    -9.035  2.00000
    25    -8.938  2.00000
    26    -8.858  2.00000
    27    -8.438  2.00000
    28    -8.153  2.00000
    29    -8.053  2.00000
    30    -7.880  2.00000
    31    -7.828  2.00000
    32    -7.520  2.00000
    33    -7.214  2.00000
    34    -6.922  2.00000
    35    -6.637  2.00000
    36    -6.077  2.00000
    37    -5.577  2.00000
    38    -2.441  0.00000
    39    -1.268  0.00000
    40    -0.810  0.00000
    41     1.025  0.00000
    42     2.738  0.00000
    43     6.782  0.00000
    44     7.223  0.00000
    45     8.039  0.00000
    46     8.753  0.00000
    47     9.608  0.00000
    48     9.843  0.00000
    49    10.221  0.00000
    50    10.658  0.00000
    51    11.299  0.00000
    52    12.072  0.00000
    53    12.745  0.00000
    54    13.428  0.00000
    55    14.287  0.00000
    56    14.643  0.00000
    57    15.125  0.00000
    58    15.916  0.00000
    59    16.364  0.00000
    60    17.517  0.00000
    61    19.875  0.00000
    62    20.665  0.00000
    63    21.813  0.00000
    64    22.521  0.00000
    65    25.935  0.00000
    66    26.524  0.00000
    67    30.229  0.00000
    68    32.517  0.00000

