 DIR x KPT            1  SPIN            1  KWEIGHT    1.0000000000000000     
     1   -0.805504E+02
     2    0.411531E+02
     3   -0.101604E+03
     4    0.900718E+02
     5   -0.154314E+03
     6    0.850016E+01
     7    0.892299E+02
     8    0.527949E+02
     9   -0.503526E+02
    10   -0.784912E+02
    11    0.890745E+02
    12    0.186130E+02
    13   -0.405074E+02
    14    0.268888E+02
    15   -0.746192E+02
    16   -0.251133E+02
    17   -0.809966E+02
    18   -0.224174E+01
    19    0.745943E+02
    20   -0.893468E+02
    21   -0.297186E+02
    22   -0.281839E+02
    23    0.345245E+02
    24    0.347114E+02
    25    0.778003E+02
    26    0.460578E+01
    27   -0.148183E+03
    28    0.309055E+01
    29    0.155420E+02
    30    0.494171E+02
    31    0.432540E+02
    32   -0.129150E+03
    33    0.684078E+02
    34   -0.499503E+02
    35    0.913197E+02
    36   -0.108970E+03
    37    0.703257E+02
    38   -0.155449E+03
    39    0.921920E+02
    40    0.892758E+02
    41   -0.132890E+03
    42    0.897292E+02
    43   -0.127508E+02
    44    0.363619E+01
    45   -0.180065E+03
    46    0.100590E+03
    47    0.835550E+02
    48    0.737087E+01
    49    0.476674E+02
    50    0.329485E+02
    51   -0.902125E+01
    52   -0.190752E+03
    53   -0.101069E+03
    54   -0.194906E+02
    55    0.105057E+03
    56    0.676635E+02
    57    0.208035E+02
    58    0.722228E+02
    59   -0.116739E+03
    60   -0.159875E+03
    61    0.881933E+02
    62    0.937021E+02
    63    0.875957E+02
    64    0.941760E+02
    65    0.919765E+02
    66   -0.157390E+03
    67    0.917774E+02
    68   -0.132270E+03

 DIR y KPT            1  SPIN            1  KWEIGHT    1.0000000000000000     
     1    0.132732E+02
     2   -0.339406E+02
     3    0.104843E+02
     4   -0.320217E+02
     5   -0.275710E+01
     6   -0.874738E+01
     7   -0.334577E+02
     8   -0.189356E+02
     9   -0.522526E+01
    10   -0.420032E+01
    11   -0.330000E+02
    12   -0.189181E+02
    13   -0.124130E+00
    14   -0.177266E+02
    15    0.253002E+01
    16    0.275424E+01
    17   -0.101305E+01
    18   -0.213810E+02
    19   -0.286482E+02
    20   -0.101725E+02
    21   -0.822357E+01
    22   -0.104961E+02
    23   -0.158038E+02
    24   -0.202218E+02
    25   -0.304910E+02
    26   -0.158619E+02
    27   -0.260193E+01
    28   -0.560202E+01
    29   -0.165283E+02
    30   -0.259340E+02
    31   -0.165155E+02
    32   -0.528163E+01
    33   -0.285817E+02
    34    0.583711E+01
    35   -0.338965E+02
    36    0.776873E+01
    37   -0.315090E+02
    38   -0.112207E+01
    39   -0.334960E+02
    40   -0.326433E+02
    41    0.399666E+01
    42   -0.336967E+02
    43    0.646453E+01
    44    0.544658E+01
    45   -0.775337E+01
    46   -0.247377E+02
    47   -0.338677E+02
    48    0.233534E+01
    49   -0.182896E+02
    50   -0.113798E+02
    51   -0.166266E+01
    52   -0.928078E+01
    53    0.353058E+01
    54    0.479692E+01
    55   -0.266034E+02
    56   -0.271484E+02
    57   -0.506670E+01
    58   -0.315058E+02
    59    0.575693E+01
    60   -0.200464E+01
    61   -0.329537E+02
    62   -0.334682E+02
    63   -0.366220E+02
    64   -0.295647E+02
    65   -0.341105E+02
    66   -0.151900E+01
    67   -0.334316E+02
    68    0.409222E+01

 DIR z KPT            1  SPIN            1  KWEIGHT    1.0000000000000000     
     1    0.528068E+02
     2   -0.172579E+02
     3    0.808215E+02
     4   -0.826185E+02
     5    0.593157E+02
     6    0.304692E+01
     7   -0.835146E+02
     8   -0.483727E+02
     9    0.282333E+02
    10    0.301919E+02
    11   -0.816090E+02
    12   -0.249695E+02
    13    0.202461E+02
    14   -0.912659E+01
    15    0.381178E+02
    16    0.267481E+02
    17    0.435273E+02
    18   -0.842539E+01
    19   -0.682516E+02
    20    0.209084E+02
    21    0.138030E+02
    22    0.584184E+01
    23   -0.436512E+02
    24   -0.261856E+02
    25   -0.753693E+02
    26   -0.730529E+01
    27    0.544137E+02
    28   -0.309742E+00
    29   -0.174374E+02
    30   -0.481925E+02
    31   -0.458163E+02
    32    0.499274E+02
    33   -0.508936E+02
    34    0.405487E+02
    35   -0.854595E+02
    36    0.848089E+02
    37   -0.575570E+02
    38    0.641783E+02
    39   -0.861788E+02
    40   -0.817741E+02
    41    0.719714E+02
    42   -0.829655E+02
    43    0.378409E+02
    44    0.276941E+02
    45    0.625098E+02
    46   -0.918896E+02
    47   -0.816432E+02
    48    0.223081E+02
    49   -0.306028E+02
    50   -0.705477E+01
    51    0.265772E+02
    52    0.385608E+02
    53    0.567487E+02
    54    0.318281E+02
    55   -0.102940E+03
    56   -0.641276E+02
    57    0.165552E+02
    58   -0.578735E+02
    59    0.651785E+02
    60    0.630324E+02
    61   -0.793211E+02
    62   -0.890040E+02
    63   -0.831133E+02
    64   -0.850455E+02
    65   -0.870265E+02
    66    0.667043E+02
    67   -0.858235E+02
    68    0.741943E+02

