 Fermi distribution function

Geometry optimization step: 235


********************************************************************************
 iSCC Total electronic   Diff electronic      SCC error    
    9   -0.33492777E+02   -0.71054274E-14    0.96808339E-09
********************************************************************************

 Total charge:    -0.00000000

 Atomic gross charges (e)
 Atom           Charge
    1      -0.16802321
    2      -0.15248658
    3       0.66904159
    4      -0.53825898
    5      -0.34330029
    6       0.11850637
    7       0.11586086
    8      -0.31051044
    9       0.31991140
   10      -0.20034623
   11      -0.04925796
   12      -0.11696564
   13      -0.05315818
   14      -0.16926134
   15       0.09515887
   16       0.10473730
   17       0.09835779
   18       0.05256511
   19       0.05536049
   20       0.06982135
   21       0.03632995
   22       0.07052972
   23       0.06801230
   24       0.07242170
   25       0.06948736
   26       0.08546667

Nr. of electrons (up):     74.00000000
Atom populations (up)
 Atom       Population
    1       4.16802321
    2       4.15248658
    3       3.33095841
    4       6.53825898
    5       6.34330029
    6       3.88149363
    7       3.88413914
    8       6.31051044
    9       3.68008860
   10       4.20034623
   11       4.04925796
   12       4.11696564
   13       4.05315818
   14       4.16926134
   15       0.90484113
   16       0.89526270
   17       0.90164221
   18       0.94743489
   19       0.94463951
   20       0.93017865
   21       0.96367005
   22       0.92947028
   23       0.93198770
   24       0.92757830
   25       0.93051264
   26       0.91453333

l-shell populations (up)
 Atom Sh.   l       Population
    1   1   0       1.28100388
    1   2   1       2.88701933
    2   1   0       1.24811919
    2   2   1       2.90436739
    3   1   0       1.04235100
    3   2   1       2.28860741
    4   1   0       1.76063646
    4   2   1       4.77762252
    5   1   0       1.72989945
    5   2   1       4.61340084
    6   1   0       1.20784102
    6   2   1       2.67365261
    7   1   0       1.20380671
    7   2   1       2.68033242
    8   1   0       1.71205312
    8   2   1       4.59845733
    9   1   0       1.11743683
    9   2   1       2.56265176
   10   1   0       1.22808930
   10   2   1       2.97225693
   11   1   0       1.21820914
   11   2   1       2.83104882
   12   1   0       1.21792924
   12   2   1       2.89903641
   13   1   0       1.21956919
   13   2   1       2.83358899
   14   1   0       1.22767034
   14   2   1       2.94159100
   15   1   0       0.90484113
   16   1   0       0.89526270
   17   1   0       0.90164221
   18   1   0       0.94743489
   19   1   0       0.94463951
   20   1   0       0.93017865
   21   1   0       0.96367005
   22   1   0       0.92947028
   23   1   0       0.93198770
   24   1   0       0.92757830
   25   1   0       0.93051264
   26   1   0       0.91453333

Orbital populations (up)
 Atom Sh.   l   m       Population  Label
    1   1   0   0       1.28100388  s
    1   2   1  -1       0.96751009  p_y
    1   2   1   0       0.95641344  p_z
    1   2   1   1       0.96309580  p_x
    2   1   0   0       1.24811919  s
    2   2   1  -1       0.99800507  p_y
    2   2   1   0       0.95033842  p_z
    2   2   1   1       0.95602390  p_x
    3   1   0   0       1.04235100  s
    3   2   1  -1       0.78092188  p_y
    3   2   1   0       0.69840350  p_z
    3   2   1   1       0.80928203  p_x
    4   1   0   0       1.76063646  s
    4   2   1  -1       1.47088886  p_y
    4   2   1   0       1.52005452  p_z
    4   2   1   1       1.78667914  p_x
    5   1   0   0       1.72989945  s
    5   2   1  -1       1.75004068  p_y
    5   2   1   0       1.58987094  p_z
    5   2   1   1       1.27348923  p_x
    6   1   0   0       1.20784102  s
    6   2   1  -1       0.94837500  p_y
    6   2   1   0       0.96728131  p_z
    6   2   1   1       0.75799631  p_x
    7   1   0   0       1.20380671  s
    7   2   1  -1       0.87643326  p_y
    7   2   1   0       0.84700763  p_z
    7   2   1   1       0.95689154  p_x
    8   1   0   0       1.71205312  s
    8   2   1  -1       1.66981162  p_y
    8   2   1   0       1.23115447  p_z
    8   2   1   1       1.69749124  p_x
    9   1   0   0       1.11743683  s
    9   2   1  -1       0.90440906  p_y
    9   2   1   0       0.80046281  p_z
    9   2   1   1       0.85777990  p_x
   10   1   0   0       1.22808930  s
   10   2   1  -1       0.98287997  p_y
   10   2   1   0       0.96226476  p_z
   10   2   1   1       1.02711220  p_x
   11   1   0   0       1.21820914  s
   11   2   1  -1       0.94828651  p_y
   11   2   1   0       0.92451262  p_z
   11   2   1   1       0.95824969  p_x
   12   1   0   0       1.21792924  s
   12   2   1  -1       0.95689623  p_y
   12   2   1   0       0.94675082  p_z
   12   2   1   1       0.99538935  p_x
   13   1   0   0       1.21956919  s
   13   2   1  -1       0.94409379  p_y
   13   2   1   0       0.93575619  p_z
   13   2   1   1       0.95373901  p_x
   14   1   0   0       1.22767034  s
   14   2   1  -1       0.97907805  p_y
   14   2   1   0       0.94606779  p_z
   14   2   1   1       1.01644516  p_x
   15   1   0   0       0.90484113  s
   16   1   0   0       0.89526270  s
   17   1   0   0       0.90164221  s
   18   1   0   0       0.94743489  s
   19   1   0   0       0.94463951  s
   20   1   0   0       0.93017865  s
   21   1   0   0       0.96367005  s
   22   1   0   0       0.92947028  s
   23   1   0   0       0.93198770  s
   24   1   0   0       0.92757830  s
   25   1   0   0       0.93051264  s
   26   1   0   0       0.91453333  s

Fermi level:                        -0.1473191091 H           -4.0088 eV
Band energy:                       -32.1386493625 H         -874.5371 eV
TS:                                  0.0000000000 H            0.0000 eV
Band free energy (E-TS):           -32.1386493625 H         -874.5371 eV
Extrapolated E(0K):                -32.1386493625 H         -874.5371 eV
Input / Output electrons (q):     74.0000000000     74.0000000000

Energy H0:                         -33.5350574641 H         -912.5353 eV
Energy SCC:                          0.0422804995 H            1.1505 eV
Total Electronic energy:           -33.4927769646 H         -911.3848 eV
Repulsive energy:                    0.2633655033 H            7.1665 eV
Total energy:                      -33.2294114613 H         -904.2183 eV
Extrapolated to 0:                 -33.2294114613 H         -904.2183 eV
Total Mermin free energy:          -33.2294114613 H         -904.2183 eV
Force related energy:              -33.2294114613 H         -904.2183 eV

Non-constrained calculation

SCC converged

Full geometry written in 39485.{xyz|gen}

Dipole moment:   -0.20746323    0.29488946   -0.36239111 au
Dipole moment:   -0.52731896    0.74953431   -0.92110639 Debye

Geometry converged

Atomic charge derivatives (a.u.), d q / d E_x:
   1   0.337880695560E+01
   2  -0.200892103571E+01
   3   0.556722226111E+00
   4  -0.210070725531E+01
   5   0.120043739133E+00
   6   0.540309445303E+00
   7  -0.250911663613E+00
   8   0.173217082427E+01
   9   0.143207280587E+01
  10  -0.186637820421E+00
  11  -0.152909886974E+01
  12  -0.179102187474E+01
  13  -0.483320156966E-01
  14   0.119678236600E+01
  15   0.338197409831E+01
  16  -0.121519913600E+01
  17   0.214030855052E+01
  18  -0.865261775073E+00
  19  -0.981600095965E-01
  20   0.114761068106E+01
  21  -0.291507969388E+01
  22  -0.128137522920E+00
  23  -0.225018507829E+01
  24  -0.205574833797E+01
  25  -0.219743382082E-02
  26   0.181879783061E+01

Atomic charge derivatives (a.u.), d q / d E_y:
   1   0.693957320335E+00
   2  -0.506280777957E+00
   3  -0.281617461246E-01
   4  -0.277550942088E+00
   5  -0.374364613559E+00
   6   0.181587134426E+00
   7   0.333842084715E+00
   8   0.175609770891E+01
   9   0.156762377055E+00
  10  -0.141341299203E+01
  11  -0.180421977569E+01
  12  -0.275740124246E+00
  13   0.141090070928E+01
  14   0.200577044580E+01
  15   0.907848323520E+00
  16  -0.445231713926E+00
  17   0.612169202504E+00
  18  -0.163746829174E+01
  19  -0.230057468276E+01
  20   0.167883582686E+01
  21  -0.381564802328E+00
  22  -0.195909054057E+01
  23  -0.263261610593E+01
  24  -0.507000358893E+00
  25   0.217832073304E+01
  26   0.262718560142E+01

Atomic charge derivatives (a.u.), d q / d E_z:
   1   0.350748777253E+01
   2  -0.305370780295E+01
   3   0.957109003657E+00
   4  -0.501779578221E+01
   5   0.225013842415E+01
   6   0.871333885613E-01
   7   0.944510575741E+00
   8  -0.125495522856E+01
   9  -0.217915380100E+01
  10  -0.159632074150E+01
  11   0.121086595784E+00
  12   0.262083367587E+01
  13   0.188634017989E+01
  14   0.150460733754E+00
  15   0.481640552019E+00
  16   0.254108865525E+01
  17  -0.256941779420E+01
  18   0.237176588373E+01
  19  -0.231566203618E+01
  20  -0.270060151927E+01
  21  -0.115995366614E+01
  22  -0.224216534175E+01
  23   0.386664385097E+00
  24   0.295203724293E+01
  25   0.281625220727E+01
  26   0.151844375236E-01


Electric polarisability (a.u.)
  0.100039302432E+03  0.341575238255E+02 -0.271859659238E+02
  0.341575309036E+02  0.651903118747E+02  0.159081771753E+02
 -0.271859552116E+02  0.159081793645E+02  0.129311258228E+03

