 DIR x KPT            1  SPIN            1  KWEIGHT    1.0000000000000000     
     1    0.347186E+02
     2    0.478849E+02
     3    0.101219E+03
     4   -0.175737E+02
     5    0.406582E+02
     6    0.217067E+02
     7    0.579226E+02
     8    0.780664E+02
     9    0.258939E+01
    10    0.363636E+02
    11    0.925421E+02
    12    0.729517E+01
    13    0.220156E+02
    14   -0.208307E+02
    15    0.696782E+02
    16    0.369461E+01
    17    0.263070E+02
    18    0.929151E+02
    19    0.243516E+02
    20    0.556399E+02
    21    0.100957E+03
    22    0.768813E+02
    23   -0.177266E+02
    24   -0.395638E+02
    25    0.109341E+03
    26   -0.299377E+02
    27   -0.350988E+02
    28   -0.405791E+02
    29    0.138490E+03
    30    0.910901E+02
    31   -0.276262E+02
    32    0.521846E+02
    33   -0.443088E+02
    34    0.984991E+02
    35    0.103577E+03
    36    0.744582E+02

 DIR y KPT            1  SPIN            1  KWEIGHT    1.0000000000000000     
     1   -0.756263E+01
     2   -0.348625E+02
     3   -0.309200E+02
     4    0.338502E+02
     5   -0.654220E-01
     6    0.598155E+01
     7   -0.172283E+02
     8   -0.248254E+02
     9    0.902949E+01
    10   -0.103246E+02
    11   -0.244731E+02
    12    0.202847E+02
    13    0.876052E+01
    14    0.389325E+02
    15   -0.190241E+02
    16    0.206131E+02
    17   -0.253546E+01
    18   -0.335660E+02
    19   -0.124037E+02
    20   -0.411273E+02
    21   -0.392971E+02
    22   -0.315881E+02
    23    0.288932E+02
    24    0.427448E+02
    25   -0.274669E+02
    26    0.358196E+02
    27    0.425377E+02
    28    0.465985E+02
    29   -0.574139E+02
    30   -0.237124E+02
    31    0.275154E+02
    32   -0.168846E+02
    33    0.584214E+02
    34   -0.316397E+02
    35   -0.383385E+02
    36   -0.356042E+02

 DIR z KPT            1  SPIN            1  KWEIGHT    1.0000000000000000     
     1    0.126561E+01
     2    0.583986E+01
     3    0.289615E+02
     4   -0.198461E+02
     5    0.397963E+01
     6   -0.381968E+01
     7    0.108936E+02
     8    0.191602E+02
     9   -0.117923E+02
    10    0.181936E+01
    11    0.254502E+02
    12   -0.990008E+01
    13   -0.361528E+01
    14   -0.211050E+02
    15    0.159811E+02
    16   -0.113972E+02
    17   -0.225140E+01
    18    0.253378E+02
    19   -0.325009E+01
    20    0.891874E+01
    21    0.285602E+02
    22    0.184390E+02
    23   -0.200029E+02
    24   -0.289079E+02
    25    0.325866E+02
    26   -0.250677E+02
    27   -0.270894E+02
    28   -0.291914E+02
    29    0.442062E+02
    30    0.248273E+02
    31   -0.242031E+02
    32    0.838926E+01
    33   -0.306713E+02
    34    0.277568E+02
    35    0.297018E+02
    36    0.172424E+02

