 Fermi distribution function

Geometry optimization step: 93


********************************************************************************
 iSCC Total electronic   Diff electronic      SCC error    
    9   -0.18278667E+02    0.71054274E-14    0.23473534E-09
********************************************************************************

 Total charge:    -0.00000000

 Atomic gross charges (e)
 Atom           Charge
    1      -0.23832165
    2       0.16792916
    3      -0.35385126
    4       0.66554293
    5      -0.53183990
    6      -0.15922236
    7      -0.16039648
    8       0.07867626
    9       0.07861858
   10       0.06848682
   11       0.04673012
   12       0.04584281
   13       0.08994711
   14       0.11058859
   15       0.09126928

Nr. of electrons (up):     40.00000000
Atom populations (up)
 Atom       Population
    1       4.23832165
    2       3.83207084
    3       6.35385126
    4       3.33445707
    5       6.53183990
    6       4.15922236
    7       4.16039648
    8       0.92132374
    9       0.92138142
   10       0.93151318
   11       0.95326988
   12       0.95415719
   13       0.91005289
   14       0.88941141
   15       0.90873072

l-shell populations (up)
 Atom Sh.   l       Population
    1   1   0       1.27517306
    1   2   1       2.96314859
    2   1   0       1.19555059
    2   2   1       2.63652025
    3   1   0       1.73390133
    3   2   1       4.61994993
    4   1   0       1.04197758
    4   2   1       2.29247949
    5   1   0       1.75929615
    5   2   1       4.77254375
    6   1   0       1.24976921
    6   2   1       2.90945315
    7   1   0       1.28066879
    7   2   1       2.87972769
    8   1   0       0.92132374
    9   1   0       0.92138142
   10   1   0       0.93151318
   11   1   0       0.95326988
   12   1   0       0.95415719
   13   1   0       0.91005289
   14   1   0       0.88941141
   15   1   0       0.90873072

Orbital populations (up)
 Atom Sh.   l   m       Population  Label
    1   1   0   0       1.27517306  s
    1   2   1  -1       0.97482144  p_y
    1   2   1   0       0.99854338  p_z
    1   2   1   1       0.98978377  p_x
    2   1   0   0       1.19555059  s
    2   2   1  -1       0.93567620  p_y
    2   2   1   0       0.93270468  p_z
    2   2   1   1       0.76813937  p_x
    3   1   0   0       1.73390133  s
    3   2   1  -1       1.57518317  p_y
    3   2   1   0       1.71818333  p_z
    3   2   1   1       1.32658343  p_x
    4   1   0   0       1.04197758  s
    4   2   1  -1       0.69717803  p_y
    4   2   1   0       0.78876349  p_z
    4   2   1   1       0.80653798  p_x
    5   1   0   0       1.75929615  s
    5   2   1  -1       1.53389213  p_y
    5   2   1   0       1.48468240  p_z
    5   2   1   1       1.75396921  p_x
    6   1   0   0       1.24976921  s
    6   2   1  -1       0.95126309  p_y
    6   2   1   0       0.99903927  p_z
    6   2   1   1       0.95915080  p_x
    7   1   0   0       1.28066879  s
    7   2   1  -1       0.96579252  p_y
    7   2   1   0       0.95956238  p_z
    7   2   1   1       0.95437279  p_x
    8   1   0   0       0.92132374  s
    9   1   0   0       0.92138142  s
   10   1   0   0       0.93151318  s
   11   1   0   0       0.95326988  s
   12   1   0   0       0.95415719  s
   13   1   0   0       0.91005289  s
   14   1   0   0       0.88941141  s
   15   1   0   0       0.90873072  s

Fermi level:                        -0.1495728067 H           -4.0701 eV
Band energy:                       -17.3831440671 H         -473.0194 eV
TS:                                  0.0000000000 H            0.0000 eV
Band free energy (E-TS):           -17.3831440671 H         -473.0194 eV
Extrapolated E(0K):                -17.3831440671 H         -473.0194 eV
Input / Output electrons (q):     40.0000000000     40.0000000000

Energy H0:                         -18.3096078794 H         -498.2298 eV
Energy SCC:                          0.0309408035 H            0.8419 eV
Total Electronic energy:           -18.2786670759 H         -497.3878 eV
Repulsive energy:                    0.1005704328 H            2.7367 eV
Total energy:                      -18.1780966431 H         -494.6512 eV
Extrapolated to 0:                 -18.1780966431 H         -494.6512 eV
Total Mermin free energy:          -18.1780966431 H         -494.6512 eV
Force related energy:              -18.1780966431 H         -494.6512 eV

Non-constrained calculation

SCC converged

Full geometry written in 8821.{xyz|gen}

Dipole moment:    0.08700524    0.70792619    0.06766216 au
Dipole moment:    0.22114528    1.79936904    0.17198006 Debye

Geometry converged

Atomic charge derivatives (a.u.), d q / d E_x:
   1  -0.158762611751E+00
   2  -0.537017461505E+00
   3  -0.137856586561E+00
   4  -0.656738994860E+00
   5   0.230653180759E+01
   6   0.263383516554E+01
   7  -0.412434187541E+01
   8   0.549867356074E+00
   9  -0.141534706131E+01
  10   0.324042026927E+01
  11   0.624777447171E-01
  12   0.208378659047E+01
  13  -0.115959136608E+01
  14   0.433931303660E+00
  15  -0.312119427984E+01

Atomic charge derivatives (a.u.), d q / d E_y:
   1   0.369349203079E+00
   2  -0.314719256732E-01
   3  -0.278023116516E+01
   4  -0.518417746207E+00
   5   0.393706250827E+01
   6  -0.254031562257E+01
   7   0.295710380036E+01
   8  -0.191767111215E+01
   9  -0.201394779990E+01
  10  -0.303423176844E+00
  11   0.134122284150E+01
  12   0.145055163108E+01
  13  -0.271890414070E+01
  14   0.285296358369E+01
  15  -0.838708787710E-01

Atomic charge derivatives (a.u.), d q / d E_z:
   1  -0.589367816845E-01
   2  -0.225390463102E+00
   3  -0.161352514993E+00
   4  -0.300962695837E+00
   5   0.115212193599E+01
   6   0.106782303705E+01
   7  -0.168803445411E+01
   8  -0.253552986375E+01
   9   0.208595056836E+01
  10   0.136893774730E+01
  11   0.283925420825E+01
  12  -0.188507786755E+01
  13  -0.579842753152E+00
  14   0.271688872370E+00
  15  -0.135064897515E+01


Electric polarisability (a.u.)
  0.598012219200E+02 -0.114589142530E+02  0.180377625768E+02
 -0.114589193277E+02  0.554410057242E+02 -0.362987992358E+01
  0.180377618481E+02 -0.362987710615E+01  0.246245065557E+02

