 DIR x KPT            1  SPIN            1  KWEIGHT    1.0000000000000000     
     1   -0.103051E+02
     2   -0.352494E+02
     3    0.162085E+03
     4    0.830430E+02
     5   -0.970653E+02
     6    0.869942E+02
     7    0.658654E+02
     8   -0.397430E+02
     9    0.479609E+02
    10    0.197613E+02
    11    0.227213E+02
    12   -0.391829E+01
    13   -0.595083E+02
    14    0.839891E+01
    15    0.657845E+02
    16   -0.391517E+02
    17   -0.665256E+01
    18    0.600150E+02
    19    0.485393E+02
    20    0.832065E+02
    21   -0.719280E+00
    22   -0.666100E+02
    23    0.387971E+02
    24    0.944544E+02
    25   -0.569610E+01
    26    0.143406E+02
    27    0.724743E+02
    28    0.168339E+03
    29    0.860961E+02
    30   -0.390101E+02
    31    0.909517E+02
    32   -0.879649E+02
    33    0.900323E+02
    34    0.860951E+02
    35    0.163292E+03
    36   -0.557608E+02
    37    0.179619E+03
    38    0.179003E+03
    39    0.171476E+03
    40    0.912422E+02
    41    0.148227E+03
    42   -0.127334E+03
    43    0.497636E+02
    44    0.757345E+02
    45   -0.104361E+03
    46   -0.734118E+02
    47    0.799171E+02
    48    0.675203E+02
    49    0.813876E+02
    50    0.371845E+02
    51    0.322522E+02
    52   -0.965564E+02
    53    0.806596E+02
    54    0.898811E+02
    55    0.838296E+02
    56    0.101824E+03
    57    0.880470E+02
    58   -0.102434E+03
    59    0.866438E+02
    60   -0.653543E+02

 DIR y KPT            1  SPIN            1  KWEIGHT    1.0000000000000000     
     1   -0.370369E+01
     2   -0.214972E+02
     3    0.204815E+02
     4    0.124268E+02
     5   -0.514398E+01
     6    0.136127E+02
     7    0.106279E+02
     8   -0.158271E+01
     9    0.908889E+01
    10    0.575294E+01
    11    0.428865E+01
    12   -0.319783E+01
    13   -0.623964E+01
    14   -0.100106E+01
    15    0.108694E+02
    16    0.253836E+01
    17   -0.142996E+01
    18    0.963765E+01
    19    0.574037E+01
    20    0.133466E+02
    21    0.241739E+01
    22   -0.311827E+01
    23    0.424792E+01
    24    0.128711E+02
    25    0.302447E+01
    26    0.318251E+01
    27    0.547229E+01
    28    0.209061E+02
    29    0.132969E+02
    30   -0.218492E+02
    31    0.118947E+02
    32   -0.804384E+01
    33    0.138717E+02
    34    0.128673E+02
    35    0.206026E+02
    36   -0.117448E+02
    37    0.221746E+02
    38    0.221115E+02
    39    0.214429E+02
    40    0.126893E+02
    41    0.191469E+02
    42   -0.631453E+01
    43    0.907928E+01
    44    0.127208E+02
    45   -0.201848E+01
    46    0.515957E+01
    47    0.124735E+02
    48    0.111476E+02
    49    0.944128E+01
    50    0.534726E+01
    51    0.448164E+01
    52   -0.717155E+01
    53    0.126441E+02
    54    0.136284E+02
    55    0.126585E+02
    56    0.149136E+02
    57    0.132614E+02
    58   -0.895103E+01
    59    0.132917E+02
    60   -0.165290E+02

 DIR z KPT            1  SPIN            1  KWEIGHT    1.0000000000000000     
     1   -0.992056E+01
     2   -0.285055E+02
     3    0.227411E+01
     4    0.856095E+00
     5   -0.117836E+02
     6    0.876513E+00
     7    0.519478E-01
     8   -0.944589E+01
     9   -0.319229E+01
    10   -0.141282E+01
    11   -0.559758E+01
    12   -0.116095E+02
    13   -0.122227E+02
    14   -0.936351E+01
    15    0.774468E+00
    16   -0.550174E+01
    17   -0.106435E+02
    18   -0.297228E+01
    19   -0.447337E+01
    20    0.116081E+01
    21   -0.464564E+01
    22   -0.104425E+02
    23   -0.481946E+01
    24   -0.135969E+01
    25   -0.756303E+01
    26   -0.813160E+01
    27   -0.673778E+01
    28    0.199735E+01
    29    0.994401E-01
    30   -0.296936E+02
    31   -0.797191E+00
    32   -0.142490E+02
    33    0.164084E+01
    34    0.432704E+00
    35    0.226603E+01
    36   -0.189951E+02
    37    0.245911E+01
    38    0.246417E+01
    39    0.241512E+01
    40   -0.390963E+00
    41    0.202145E+01
    42   -0.125560E+02
    43    0.870178E+00
    44    0.238330E+01
    45   -0.547674E+01
    46    0.115223E+01
    47   -0.191302E+00
    48   -0.568241E+01
    49   -0.539645E+01
    50   -0.954153E+00
    51   -0.100982E+02
    52   -0.134379E+02
    53    0.793203E-01
    54    0.310540E+01
    55    0.247721E+01
    56   -0.721740E+00
    57    0.153892E+01
    58   -0.150193E+02
    59    0.120590E+01
    60   -0.231236E+02

