 Fermi distribution function

Geometry optimization step: 178


********************************************************************************
 iSCC Total electronic   Diff electronic      SCC error    
   10   -0.27912357E+02   -0.10658141E-13    0.22051871E-09
********************************************************************************

 Total charge:    -0.00000000

 Atomic gross charges (e)
 Atom           Charge
    1      -0.16489161
    2      -0.15733881
    3       0.67034557
    4      -0.50552269
    5      -0.32901222
    6       0.30425292
    7      -0.14518430
    8      -0.09320492
    9       0.10135857
   10      -0.09451981
   11      -0.15402782
   12      -0.10276026
   13       0.10294240
   14       0.09820707
   15       0.10162614
   16       0.10824937
   17       0.08473905
   18       0.08389822
   19       0.09084311

Nr. of electrons (up):     62.00000000
Atom populations (up)
 Atom       Population
    1       4.16489161
    2       4.15733881
    3       3.32965443
    4       6.50552269
    5       6.32901222
    6       3.69574708
    7       4.14518430
    8       4.09320492
    9       3.89864143
   10       4.09451981
   11       4.15402782
   12       7.10276026
   13       0.89705760
   14       0.90179293
   15       0.89837386
   16       0.89175063
   17       0.91526095
   18       0.91610178
   19       0.90915689

l-shell populations (up)
 Atom Sh.   l       Population
    1   1   0       1.28112733
    1   2   1       2.88376427
    2   1   0       1.24895207
    2   2   1       2.90838675
    3   1   0       1.04280267
    3   2   1       2.28685175
    4   1   0       1.75668558
    4   2   1       4.74883710
    5   1   0       1.71723867
    5   2   1       4.61177355
    6   1   0       1.12103404
    6   2   1       2.57471304
    7   1   0       1.22949628
    7   2   1       2.91568802
    8   1   0       1.22981525
    8   2   1       2.86338967
    9   1   0       1.22434418
    9   2   1       2.67429725
   10   1   0       1.22896347
   10   2   1       2.86555634
   11   1   0       1.22934362
   11   2   1       2.92468420
   12   1   0       1.92585968
   12   2   1       5.16474295
   12   3   2       0.01215763
   13   1   0       0.89705760
   14   1   0       0.90179293
   15   1   0       0.89837386
   16   1   0       0.89175063
   17   1   0       0.91526095
   18   1   0       0.91610178
   19   1   0       0.90915689

Orbital populations (up)
 Atom Sh.   l   m       Population  Label
    1   1   0   0       1.28112733  s
    1   2   1  -1       0.96090604  p_y
    1   2   1   0       0.95845030  p_z
    1   2   1   1       0.96440793  p_x
    2   1   0   0       1.24895207  s
    2   2   1  -1       0.98393665  p_y
    2   2   1   0       0.97121752  p_z
    2   2   1   1       0.95323259  p_x
    3   1   0   0       1.04280267  s
    3   2   1  -1       0.75405723  p_y
    3   2   1   0       0.72101263  p_z
    3   2   1   1       0.81178189  p_x
    4   1   0   0       1.75668558  s
    4   2   1  -1       1.44499945  p_y
    4   2   1   0       1.48405905  p_z
    4   2   1   1       1.81977860  p_x
    5   1   0   0       1.71723867  s
    5   2   1  -1       1.68241755  p_y
    5   2   1   0       1.65989562  p_z
    5   2   1   1       1.26946037  p_x
    6   1   0   0       1.12103404  s
    6   2   1  -1       0.95601008  p_y
    6   2   1   0       0.91036638  p_z
    6   2   1   1       0.70833658  p_x
    7   1   0   0       1.22949628  s
    7   2   1  -1       1.04671203  p_y
    7   2   1   0       0.93944907  p_z
    7   2   1   1       0.92952692  p_x
    8   1   0   0       1.22981525  s
    8   2   1  -1       1.00478799  p_y
    8   2   1   0       0.93365617  p_z
    8   2   1   1       0.92494551  p_x
    9   1   0   0       1.22434418  s
    9   2   1  -1       0.99123235  p_y
    9   2   1   0       0.91686179  p_z
    9   2   1   1       0.76620310  p_x
   10   1   0   0       1.22896347  s
   10   2   1  -1       1.00759125  p_y
   10   2   1   0       0.93387335  p_z
   10   2   1   1       0.92409174  p_x
   11   1   0   0       1.22934362  s
   11   2   1  -1       1.06003140  p_y
   11   2   1   0       0.93487434  p_z
   11   2   1   1       0.92977846  p_x
   12   1   0   0       1.92585968  s
   12   2   1  -1       1.94597523  p_y
   12   2   1   0       1.99032859  p_z
   12   2   1   1       1.22843913  p_x
   12   3   2  -2       0.05596589  d_xy
   12   3   2  -1       0.00232323  d_yz
   12   3   2   0      -0.00763004  d_z2
   12   3   2   1      -0.00430129  d_xz
   12   3   2   2      -0.03420016  d_x2-y2
   13   1   0   0       0.89705760  s
   14   1   0   0       0.90179293  s
   15   1   0   0       0.89837386  s
   16   1   0   0       0.89175063  s
   17   1   0   0       0.91526095  s
   18   1   0   0       0.91610178  s
   19   1   0   0       0.90915689  s

Fermi level:                        -0.1608332052 H           -4.3765 eV
Band energy:                       -27.2570940722 H         -741.7033 eV
TS:                                  0.0000000000 H            0.0000 eV
Band free energy (E-TS):           -27.2570940722 H         -741.7033 eV
Extrapolated E(0K):                -27.2570940722 H         -741.7033 eV
Input / Output electrons (q):     62.0000000000     62.0000000000

Energy H0:                         -27.9405506242 H         -760.3011 eV
Energy SCC:                          0.0281940447 H            0.7672 eV
Total Electronic energy:           -27.9123565795 H         -759.5339 eV
Repulsive energy:                    0.2912201809 H            7.9245 eV
Total energy:                      -27.6211363986 H         -751.6094 eV
Extrapolated to 0:                 -27.6211363986 H         -751.6094 eV
Total Mermin free energy:          -27.6211363986 H         -751.6094 eV
Force related energy:              -27.6211363986 H         -751.6094 eV

Non-constrained calculation

SCC converged

Full geometry written in 13774217.{xyz|gen}

Dipole moment:   -1.02203187    0.48504148    0.52857320 au
Dipole moment:   -2.59774610    1.23285258    1.34349917 Debye

Geometry converged

Atomic charge derivatives (a.u.), d q / d E_x:
   1   0.408626836081E+01
   2  -0.228648142373E+01
   3   0.804338508075E+00
   4  -0.138717746539E+01
   5   0.577091022619E+00
   6   0.367265765607E+01
   7   0.609985735778E+00
   8  -0.889431001568E+00
   9   0.915044643284E-01
  10  -0.864189933449E+00
  11   0.492396542983E+00
  12  -0.104769381249E+02
  13  -0.124467942313E+01
  14   0.377799873038E+01
  15   0.251706259862E+01
  16   0.172332760898E+01
  17  -0.145871463310E+01
  18  -0.144811762260E+01
  19   0.170309839921E+01

Atomic charge derivatives (a.u.), d q / d E_y:
   1  -0.230239647872E+01
   2   0.192875959563E+01
   3  -0.585828524120E+00
   4   0.351572876093E+01
   5  -0.102733967915E+01
   6   0.603402989216E+00
   7  -0.417733980884E+00
   8  -0.947542277803E-01
   9  -0.386534776387E-01
  10  -0.113180267100E-02
  11   0.140060182657E+00
  12  -0.104167177994E+01
  13  -0.162241506004E+01
  14  -0.341765902884E+00
  15   0.155106858074E+01
  16  -0.243664017594E+00
  17  -0.290835703470E+00
  18  -0.587088878417E-01
  19   0.327879413552E+00

Atomic charge derivatives (a.u.), d q / d E_z:
   1  -0.278165959501E+01
   2   0.240100422225E+01
   3  -0.771492061047E+00
   4   0.372069020901E+01
   5  -0.144540426125E+01
   6   0.213545628024E+00
   7   0.178677048914E+01
   8   0.213632425814E+01
   9  -0.741816174789E-01
  10  -0.216207029534E+01
  11  -0.210713055881E+01
  12  -0.165459081236E+00
  13  -0.192298248946E+01
  14  -0.452172501421E+00
  15   0.194845186157E+01
  16   0.262837446449E+01
  17   0.286423955271E+01
  18  -0.296144200182E+01
  19  -0.285540622249E+01


Electric polarisability (a.u.)
  0.176815142652E+03  0.102669766839E+02 -0.541758232924E+00
  0.102669851044E+02  0.181793866219E+02  0.171414254698E+02
 -0.541760634322E+00  0.171414282321E+02  0.896750495398E+02

