 KPT            1  SPIN            1  KWEIGHT    1.0000000000000000     
     1   -24.895  2.00000
     2   -23.079  2.00000
     3   -17.894  2.00000
     4   -15.697  2.00000
     5   -13.979  2.00000
     6   -12.354  2.00000
     7   -10.931  2.00000
     8   -10.632  2.00000
     9   -10.605  2.00000
    10    -9.815  2.00000
    11    -9.248  2.00000
    12    -8.985  2.00000
    13    -8.387  2.00000
    14    -7.968  2.00000
    15    -7.482  2.00000
    16    -6.849  2.00000
    17    -5.947  2.00000
    18    -2.363  0.00000
    19     1.128  0.00000
    20     8.021  0.00000
    21     8.968  0.00000
    22     9.640  0.00000
    23     9.669  0.00000
    24    12.099  0.00000
    25    12.799  0.00000
    26    15.138  0.00000
    27    16.457  0.00000
    28    17.563  0.00000
    29    26.670  0.00000
    30    32.783  0.00000

