 DIR x KPT            1  SPIN            1  KWEIGHT    1.0000000000000000     
     1    0.863790E+01
     2    0.291292E+02
     3    0.822175E+02
     4   -0.164535E+02
     5    0.543427E+02
     6    0.235355E+02
     7    0.379048E+02
     8   -0.685967E+01
     9    0.408959E+02
    10    0.635315E+02
    11    0.134118E+02
    12    0.505626E+01
    13    0.746295E+02
    14   -0.998326E+01
    15    0.731427E+02
    16    0.295580E+01
    17    0.384472E+02
    18    0.736497E+02
    19    0.543209E+02
    20    0.910349E+02
    21   -0.363282E+02
    22   -0.461656E+02
    23   -0.579167E+02
    24    0.100830E+03
    25    0.588430E+02
    26   -0.508345E+02
    27    0.398623E+02
    28    0.754913E+02
    29    0.764996E+02
    30    0.536837E+02

 DIR y KPT            1  SPIN            1  KWEIGHT    1.0000000000000000     
     1    0.662089E+01
     2   -0.990203E+01
     3    0.164143E+02
     4    0.106095E+02
     5    0.142078E+02
     6    0.781569E+01
     7    0.140461E+02
     8    0.450339E+01
     9    0.389350E+01
    10    0.195080E+02
    11    0.119578E+02
    12   -0.440221E+00
    13    0.171953E+02
    14    0.664267E+01
    15    0.146676E+02
    16    0.244517E+00
    17   -0.121828E+02
    18    0.128192E+02
    19    0.237979E+01
    20    0.187420E+02
    21    0.137566E+02
    22    0.106112E+02
    23    0.999659E+00
    24    0.384481E+02
    25    0.907842E+01
    26    0.885198E+01
    27    0.412820E+01
    28    0.141672E+02
    29    0.116768E+02
    30    0.344210E+00

 DIR z KPT            1  SPIN            1  KWEIGHT    1.0000000000000000     
     1    0.379560E+02
     2    0.479410E+02
     3    0.163956E+02
     4    0.393556E+02
     5    0.233836E+02
     6    0.342603E+02
     7    0.263543E+02
     8    0.427345E+02
     9    0.345483E+02
    10    0.172534E+02
    11    0.324755E+02
    12    0.449747E+02
    13    0.170789E+02
    14    0.410024E+02
    15    0.195663E+02
    16    0.445809E+02
    17    0.481304E+02
    18    0.209731E+02
    19    0.331234E+02
    20    0.128464E+02
    21    0.401578E+02
    22    0.473826E+02
    23    0.527630E+02
    24   -0.511011E+01
    25    0.266579E+02
    26    0.471400E+02
    27    0.342665E+02
    28    0.194943E+02
    29    0.213730E+02
    30    0.349349E+02

