 Fermi distribution function

Geometry optimization step: 43


********************************************************************************
 iSCC Total electronic   Diff electronic      SCC error    
    9   -0.15834374E+02   -0.35527137E-14    0.70027872E-10
********************************************************************************

 Total charge:     0.00000000

 Atomic gross charges (e)
 Atom           Charge
    1       0.06713241
    2      -0.33865715
    3       0.66631141
    4      -0.52660634
    5      -0.15199669
    6      -0.17243529
    7       0.05648202
    8       0.05786304
    9       0.04702049
   10       0.09790577
   11       0.10237823
   12       0.09460209

Nr. of electrons (up):     34.00000000
Atom populations (up)
 Atom       Population
    1       3.93286759
    2       6.33865715
    3       3.33368859
    4       6.52660634
    5       4.15199669
    6       4.17243529
    7       0.94351798
    8       0.94213696
    9       0.95297951
   10       0.90209423
   11       0.89762177
   12       0.90539791

l-shell populations (up)
 Atom Sh.   l       Population
    1   1   0       1.22608590
    1   2   1       2.70678169
    2   1   0       1.72635407
    2   2   1       4.61230307
    3   1   0       1.04194193
    3   2   1       2.29174666
    4   1   0       1.75938667
    4   2   1       4.76721967
    5   1   0       1.24899750
    5   2   1       2.90299919
    6   1   0       1.28065302
    6   2   1       2.89178228
    7   1   0       0.94351798
    8   1   0       0.94213696
    9   1   0       0.95297951
   10   1   0       0.90209423
   11   1   0       0.89762177
   12   1   0       0.90539791

Orbital populations (up)
 Atom Sh.   l   m       Population  Label
    1   1   0   0       1.22608590  s
    1   2   1  -1       0.96662959  p_y
    1   2   1   0       0.95044951  p_z
    1   2   1   1       0.78970258  p_x
    2   1   0   0       1.72635407  s
    2   2   1  -1       1.69864916  p_y
    2   2   1   0       1.73994275  p_z
    2   2   1   1       1.17371116  p_x
    3   1   0   0       1.04194193  s
    3   2   1  -1       0.73988721  p_y
    3   2   1   0       0.76636238  p_z
    3   2   1   1       0.78549707  p_x
    4   1   0   0       1.75938667  s
    4   2   1  -1       1.45265865  p_y
    4   2   1   0       1.42579123  p_z
    4   2   1   1       1.88876979  p_x
    5   1   0   0       1.24899750  s
    5   2   1  -1       0.96615931  p_y
    5   2   1   0       0.97332817  p_z
    5   2   1   1       0.96351170  p_x
    6   1   0   0       1.28065302  s
    6   2   1  -1       0.96147626  p_y
    6   2   1   0       0.96389725  p_z
    6   2   1   1       0.96640876  p_x
    7   1   0   0       0.94351798  s
    8   1   0   0       0.94213696  s
    9   1   0   0       0.95297951  s
   10   1   0   0       0.90209423  s
   11   1   0   0       0.89762177  s
   12   1   0   0       0.90539791  s

Fermi level:                        -0.1526796939 H           -4.1546 eV
Band energy:                       -15.0484218702 H         -409.4884 eV
TS:                                  0.0000000000 H            0.0000 eV
Band free energy (E-TS):           -15.0484218702 H         -409.4884 eV
Extrapolated E(0K):                -15.0484218702 H         -409.4884 eV
Input / Output electrons (q):     34.0000000000     34.0000000000

Energy H0:                         -15.8644699724 H         -431.6942 eV
Energy SCC:                          0.0300958342 H            0.8189 eV
Total Electronic energy:           -15.8343741383 H         -430.8752 eV
Repulsive energy:                    0.1307509055 H            3.5579 eV
Total energy:                      -15.7036232328 H         -427.3173 eV
Extrapolated to 0:                 -15.7036232328 H         -427.3173 eV
Total Mermin free energy:          -15.7036232328 H         -427.3173 eV
Force related energy:              -15.7036232328 H         -427.3173 eV

Non-constrained calculation

SCC converged

Full geometry written in 7294.{xyz|gen}

Dipole moment:   -0.11741653    0.63857346   -0.50704892 au
Dipole moment:   -0.29844308    1.62309196   -1.28878990 Debye

Geometry converged

Atomic charge derivatives (a.u.), d q / d E_x:
   1  -0.704315787832E+00
   2   0.477595524236E+00
   3  -0.309029867500E+00
   4   0.823713064173E+00
   5   0.112033777854E+01
   6  -0.214584224014E+01
   7   0.651380907655E+00
   8   0.134744380245E+01
   9   0.255107321187E+01
  10  -0.262442397201E+01
  11   0.187431132855E+01
  12  -0.306224375000E+01

Atomic charge derivatives (a.u.), d q / d E_y:
   1  -0.110469535211E+00
   2  -0.181536606700E+01
   3  -0.840144292132E+00
   4   0.419893253989E+01
   5   0.269177726401E+01
   6  -0.332443514677E+01
   7  -0.656627053704E+00
   8   0.279967502034E+01
   9  -0.184410166000E+01
  10   0.163496465875E+01
  11  -0.185499533884E+01
  12  -0.879210389334E+00

Atomic charge derivatives (a.u.), d q / d E_z:
   1   0.225441206038E+00
   2   0.143098925493E+01
   3   0.757771032622E+00
   4  -0.363588023560E+01
   5  -0.240917492588E+01
   6   0.312473928149E+01
   7  -0.313030234822E+01
   8   0.863117271264E+00
   9   0.116544110238E+01
  10  -0.853384306766E+00
  11   0.117230593274E+01
  12   0.128893673500E+01


Electric polarisability (a.u.)
  0.487546583592E+02  0.155148602518E+01 -0.864945033871E+01
  0.155148743589E+01  0.347702539043E+02 -0.215272660758E+02
 -0.864945830956E+01 -0.215272664881E+02  0.283269623901E+02

