 KPT            1  SPIN            1  KWEIGHT    1.0000000000000000     
     1   -24.803  2.00000
     2   -23.030  2.00000
     3   -18.993  2.00000
     4   -17.860  2.00000
     5   -17.139  2.00000
     6   -16.688  2.00000
     7   -15.340  2.00000
     8   -14.032  2.00000
     9   -13.343  2.00000
    10   -13.019  2.00000
    11   -12.125  2.00000
    12   -10.903  2.00000
    13   -10.853  2.00000
    14   -10.622  2.00000
    15   -10.371  2.00000
    16    -9.926  2.00000
    17    -9.826  2.00000
    18    -9.678  2.00000
    19    -9.172  2.00000
    20    -8.983  2.00000
    21    -8.857  2.00000
    22    -8.802  2.00000
    23    -8.323  2.00000
    24    -8.006  2.00000
    25    -7.818  2.00000
    26    -7.517  2.00000
    27    -7.421  2.00000
    28    -6.779  2.00000
    29    -6.673  2.00000
    30    -6.566  2.00000
    31    -5.900  2.00000
    32    -2.313  0.00000
    33    -1.407  0.00000
    34    -1.316  0.00000
    35     1.183  0.00000
    36     2.381  0.00000
    37     8.023  0.00000
    38     8.542  0.00000
    39     8.628  0.00000
    40     8.691  0.00000
    41     9.836  0.00000
    42    10.049  0.00000
    43    12.126  0.00000
    44    12.621  0.00000
    45    13.001  0.00000
    46    14.174  0.00000
    47    14.587  0.00000
    48    15.575  0.00000
    49    16.405  0.00000
    50    17.548  0.00000
    51    20.282  0.00000
    52    20.635  0.00000
    53    22.045  0.00000
    54    22.157  0.00000
    55    26.069  0.00000
    56    26.694  0.00000
    57    30.201  0.00000
    58    32.820  0.00000

