 DIR x KPT            1  SPIN            1  KWEIGHT    1.0000000000000000     
     1   -0.590196E+02
     2   -0.757057E+02
     3    0.677972E+02
     4   -0.943165E+02
     5    0.449765E+02
     6    0.760910E+02
     7   -0.532545E+01
     8   -0.627447E+02
     9    0.696921E+02
    10    0.237855E+02
    11   -0.401462E+02
    12   -0.637459E+02
    13    0.331545E+02
    14   -0.624500E+02
    15    0.271086E+02
    16    0.305243E+01
    17   -0.927198E+01
    18   -0.157533E+02
    19   -0.187847E+02
    20    0.651238E+02
    21    0.176360E+02
    22    0.410260E+02
    23   -0.904843E+02
    24    0.202312E+02
    25    0.161291E+02
    26    0.421262E+02
    27   -0.850842E+02
    28   -0.290945E+02
    29    0.697152E+02
    30    0.597384E+02
    31   -0.797860E+02
    32   -0.992717E+02
    33    0.711668E+02
    34    0.763519E+02
    35   -0.891581E+02
    36    0.742861E+02
    37   -0.101241E+03
    38   -0.488646E+01
    39    0.719752E+02
    40   -0.151908E+02
    41    0.600597E+02
    42    0.453479E+02
    43   -0.111034E+03
    44   -0.448636E+02
    45   -0.458849E+02
    46    0.102620E+03
    47    0.754771E+02
    48    0.191886E+02
    49   -0.784451E+02
    50   -0.101017E+03
    51    0.724823E+02
    52    0.770780E+02
    53    0.768532E+02
    54    0.719473E+02
    55    0.737493E+02
    56   -0.101241E+03
    57    0.762343E+02
    58   -0.894572E+02

 DIR y KPT            1  SPIN            1  KWEIGHT    1.0000000000000000     
     1    0.955908E+01
     2   -0.705080E+01
     3   -0.216552E+02
     4    0.195554E+02
     5   -0.149074E+02
     6   -0.251654E+02
     7    0.135017E+01
     8    0.122535E+02
     9   -0.229756E+02
    10   -0.100891E+02
    11    0.411899E+01
    12    0.150836E+02
    13   -0.121156E+02
    14    0.537180E+01
    15   -0.138749E+02
    16   -0.141511E+00
    17   -0.453024E+01
    18   -0.268565E+01
    19   -0.108478E+01
    20   -0.240420E+02
    21   -0.141249E+02
    22   -0.118367E+02
    23    0.190085E+02
    24   -0.793123E+01
    25   -0.124523E+02
    26   -0.150663E+02
    27    0.158473E+02
    28   -0.230525E+01
    29   -0.237877E+02
    30   -0.209895E+02
    31   -0.970733E+01
    32    0.183010E+02
    33   -0.235095E+02
    34   -0.248075E+02
    35    0.618595E+01
    36   -0.248762E+02
    37    0.238192E+02
    38   -0.839656E+01
    39   -0.155881E+02
    40    0.147934E+02
    41   -0.186103E+02
    42   -0.144151E+02
    43    0.474553E+02
    44    0.722323E+01
    45    0.124450E+02
    46   -0.329212E+02
    47   -0.306396E+02
    48   -0.336245E+01
    49    0.661938E+01
    50    0.199349E+02
    51   -0.233409E+02
    52   -0.255678E+02
    53   -0.256636E+02
    54   -0.235900E+02
    55   -0.247153E+02
    56    0.168110E+02
    57   -0.254166E+02
    58    0.421333E+01

 DIR z KPT            1  SPIN            1  KWEIGHT    1.0000000000000000     
     1   -0.236595E+02
     2   -0.364454E+02
     3    0.329715E+02
     4   -0.862011E+02
     5    0.212337E+02
     6    0.344256E+02
     7    0.510033E+01
     8   -0.555000E+02
     9    0.317004E+02
    10    0.458767E+01
    11   -0.195915E+02
    12   -0.419624E+02
    13    0.177094E+02
    14   -0.362045E+02
    15    0.532577E+01
    16   -0.983891E+01
    17   -0.250028E+02
    18   -0.189227E+02
    19   -0.139163E+02
    20    0.284465E+02
    21    0.785758E+01
    22    0.146356E+02
    23   -0.791500E+02
    24    0.777745E+01
    25    0.120634E+02
    26    0.282233E+02
    27   -0.757267E+02
    28   -0.652847E+01
    29    0.318498E+02
    30    0.278737E+02
    31   -0.429765E+02
    32   -0.848311E+02
    33    0.331418E+02
    34    0.342754E+02
    35   -0.634969E+02
    36    0.336715E+02
    37   -0.924231E+02
    38    0.243579E+02
    39    0.271243E+02
    40    0.197096E+02
    41    0.338411E+02
    42    0.340375E+02
    43   -0.118335E+03
    44   -0.123154E+02
    45   -0.215948E+02
    46    0.322351E+02
    47    0.365191E+02
    48    0.303149E+02
    49   -0.514332E+02
    50   -0.884432E+02
    51    0.338697E+02
    52    0.341748E+02
    53    0.342567E+02
    54    0.339915E+02
    55    0.341181E+02
    56   -0.867514E+02
    57    0.341220E+02
    58   -0.624118E+02

