 Fermi distribution function

Geometry optimization step: 124


********************************************************************************
 iSCC Total electronic   Diff electronic      SCC error    
   10   -0.27700438E+02   -0.35527137E-14    0.80343909E-09
********************************************************************************

 Total charge:    -0.00000000

 Atomic gross charges (e)
 Atom           Charge
    1      -0.17256161
    2      -0.15147590
    3       0.67231247
    4      -0.53099481
    5      -0.35214807
    6       0.14762010
    7       0.00404613
    8      -0.08787866
    9      -0.06827491
   10      -0.07192163
   11      -0.06653996
   12      -0.07942516
   13       0.10211847
   14       0.09394854
   15       0.09724067
   16       0.03969093
   17       0.05631602
   18       0.07112363
   19       0.07026578
   20       0.07069237
   21       0.07198427
   22       0.08386134

Nr. of electrons (up):     62.00000000
Atom populations (up)
 Atom       Population
    1       4.17256161
    2       4.15147590
    3       3.32768753
    4       6.53099481
    5       6.35214807
    6       3.85237990
    7       3.99595387
    8       4.08787866
    9       4.06827491
   10       4.07192163
   11       4.06653996
   12       4.07942516
   13       0.89788153
   14       0.90605146
   15       0.90275933
   16       0.96030907
   17       0.94368398
   18       0.92887637
   19       0.92973422
   20       0.92930763
   21       0.92801573
   22       0.91613866

l-shell populations (up)
 Atom Sh.   l       Population
    1   1   0       1.28054051
    1   2   1       2.89202110
    2   1   0       1.24938285
    2   2   1       2.90209305
    3   1   0       1.04073531
    3   2   1       2.28695222
    4   1   0       1.75971250
    4   2   1       4.77128231
    5   1   0       1.73534151
    5   2   1       4.61680656
    6   1   0       1.20363840
    6   2   1       2.64874150
    7   1   0       1.19156533
    7   2   1       2.80438853
    8   1   0       1.22432632
    8   2   1       2.86355234
    9   1   0       1.21992090
    9   2   1       2.84835401
   10   1   0       1.22060518
   10   2   1       2.85131645
   11   1   0       1.22052445
   11   2   1       2.84601551
   12   1   0       1.22530940
   12   2   1       2.85411576
   13   1   0       0.89788153
   14   1   0       0.90605146
   15   1   0       0.90275933
   16   1   0       0.96030907
   17   1   0       0.94368398
   18   1   0       0.92887637
   19   1   0       0.92973422
   20   1   0       0.92930763
   21   1   0       0.92801573
   22   1   0       0.91613866

Orbital populations (up)
 Atom Sh.   l   m       Population  Label
    1   1   0   0       1.28054051  s
    1   2   1  -1       0.95609919  p_y
    1   2   1   0       0.96312125  p_z
    1   2   1   1       0.97280066  p_x
    2   1   0   0       1.24938285  s
    2   2   1  -1       0.95136481  p_y
    2   2   1   0       0.96195080  p_z
    2   2   1   1       0.98877745  p_x
    3   1   0   0       1.04073531  s
    3   2   1  -1       0.70973100  p_y
    3   2   1   0       0.80625100  p_z
    3   2   1   1       0.77097023  p_x
    4   1   0   0       1.75971250  s
    4   2   1  -1       1.48587474  p_y
    4   2   1   0       1.73004355  p_z
    4   2   1   1       1.55536402  p_x
    5   1   0   0       1.73534151  s
    5   2   1  -1       1.62533897  p_y
    5   2   1   0       1.35554749  p_z
    5   2   1   1       1.63592009  p_x
    6   1   0   0       1.20363840  s
    6   2   1  -1       0.94966773  p_y
    6   2   1   0       0.78082696  p_z
    6   2   1   1       0.91824681  p_x
    7   1   0   0       1.19156533  s
    7   2   1  -1       0.91815114  p_y
    7   2   1   0       0.98440201  p_z
    7   2   1   1       0.90183538  p_x
    8   1   0   0       1.22432632  s
    8   2   1  -1       0.93835329  p_y
    8   2   1   0       1.00415596  p_z
    8   2   1   1       0.92104310  p_x
    9   1   0   0       1.21992090  s
    9   2   1  -1       0.92739208  p_y
    9   2   1   0       0.99229409  p_z
    9   2   1   1       0.92866784  p_x
   10   1   0   0       1.22060518  s
   10   2   1  -1       0.92540493  p_y
   10   2   1   0       0.99340038  p_z
   10   2   1   1       0.93251114  p_x
   11   1   0   0       1.22052445  s
   11   2   1  -1       0.93667408  p_y
   11   2   1   0       0.98847539  p_z
   11   2   1   1       0.92086605  p_x
   12   1   0   0       1.22530940  s
   12   2   1  -1       0.92355522  p_y
   12   2   1   0       0.99578343  p_z
   12   2   1   1       0.93477712  p_x
   13   1   0   0       0.89788153  s
   14   1   0   0       0.90605146  s
   15   1   0   0       0.90275933  s
   16   1   0   0       0.96030907  s
   17   1   0   0       0.94368398  s
   18   1   0   0       0.92887637  s
   19   1   0   0       0.92973422  s
   20   1   0   0       0.92930763  s
   21   1   0   0       0.92801573  s
   22   1   0   0       0.91613866  s

Fermi level:                        -0.1509127191 H           -4.1065 eV
Band energy:                       -26.4127680945 H         -718.7280 eV
TS:                                  0.0000000000 H            0.0000 eV
Band free energy (E-TS):           -26.4127680945 H         -718.7280 eV
Extrapolated E(0K):                -26.4127680945 H         -718.7280 eV
Input / Output electrons (q):     62.0000000000     62.0000000000

Energy H0:                         -27.7335369804 H         -754.6679 eV
Energy SCC:                          0.0330992383 H            0.9007 eV
Total Electronic energy:           -27.7004377422 H         -753.7673 eV
Repulsive energy:                    0.2363766848 H            6.4321 eV
Total energy:                      -27.4640610573 H         -747.3351 eV
Extrapolated to 0:                 -27.4640610573 H         -747.3351 eV
Total Mermin free energy:          -27.4640610573 H         -747.3351 eV
Force related energy:              -27.4640610573 H         -747.3351 eV

Non-constrained calculation

SCC converged

Full geometry written in 75617.{xyz|gen}

Dipole moment:    0.21803796    0.70995975   -0.07912743 au
Dipole moment:    0.55419725    1.80453785   -0.20112187 Debye

Geometry converged

Atomic charge derivatives (a.u.), d q / d E_x:
   1   0.718371440596E+00
   2  -0.247826008684E-01
   3   0.597550881422E-01
   4   0.570700091999E+00
   5  -0.251089276153E+00
   6  -0.555371263846E+00
   7   0.241324745219E+01
   8   0.101698418293E+00
   9  -0.196734344547E+01
  10  -0.263465295880E+01
  11  -0.365057865828E+00
  12   0.145586761290E+01
  13  -0.128618615680E+01
  14   0.147820821560E+01
  15   0.185323655926E+01
  16   0.525002167054E+00
  17   0.211653719801E+01
  18   0.250126758873E+00
  19  -0.284034752848E+01
  20  -0.325684159871E+01
  21  -0.652339668758E+00
  22   0.229126136080E+01

Atomic charge derivatives (a.u.), d q / d E_y:
   1  -0.388661702770E+01
   2   0.316323322310E+01
   3  -0.923713401985E+00
   4   0.448325004072E+01
   5  -0.199830910796E+01
   6   0.365482999357E+00
   7  -0.106879147780E+01
   8  -0.196693763935E+01
   9  -0.129119465578E+01
  10   0.113062128047E+01
  11   0.234817805276E+01
  12   0.111530036218E+01
  13  -0.225177687429E+01
  14  -0.970765139980E+00
  15   0.201573730382E+01
  16  -0.274449826350E+01
  17   0.762228345959E+00
  18  -0.294459515865E+01
  19  -0.177092089410E+01
  20   0.146942574884E+01
  21   0.331507451390E+01
  22   0.164958776998E+01

Atomic charge derivatives (a.u.), d q / d E_z:
   1   0.311556081031E+01
   2  -0.197960602692E+01
   3   0.523639531746E+00
   4  -0.204711672923E+01
   5   0.312406775036E+00
   6   0.510588205538E+00
   7   0.813351545143E-01
   8   0.398747824890E+00
   9   0.618898200401E+00
  10   0.902812562127E-02
  11  -0.677912140119E+00
  12  -0.772154922816E+00
  13  -0.101683805933E+01
  14   0.308768308627E+01
  15   0.176822116744E+01
  16  -0.212257321956E+01
  17  -0.174778724530E+01
  18   0.693660371853E+00
  19   0.914945317235E+00
  20   0.147009882878E+00
  21  -0.878110134775E+00
  22  -0.939625975686E+00


Electric polarisability (a.u.)
  0.957788542266E+02 -0.258188618891E+01  0.846018154563E+01
 -0.258188450486E+01  0.104327599164E+03 -0.266769821349E+02
  0.846018144819E+01 -0.266769859926E+02  0.519136536665E+02

