 KPT            1  SPIN            1  KWEIGHT    1.0000000000000000     
     1   -24.809  2.00000
     2   -23.037  2.00000
     3   -19.271  2.00000
     4   -18.776  2.00000
     5   -17.879  2.00000
     6   -17.495  2.00000
     7   -16.774  2.00000
     8   -16.626  2.00000
     9   -16.423  2.00000
    10   -15.274  2.00000
    11   -14.100  2.00000
    12   -13.586  2.00000
    13   -13.481  2.00000
    14   -13.038  2.00000
    15   -12.636  2.00000
    16   -12.116  2.00000
    17   -11.019  2.00000
    18   -10.911  2.00000
    19   -10.687  2.00000
    20   -10.595  2.00000
    21   -10.414  2.00000
    22   -10.111  2.00000
    23    -9.884  2.00000
    24    -9.689  2.00000
    25    -9.618  2.00000
    26    -9.559  2.00000
    27    -9.151  2.00000
    28    -9.123  2.00000
    29    -9.079  2.00000
    30    -8.914  2.00000
    31    -8.795  2.00000
    32    -8.673  2.00000
    33    -8.333  2.00000
    34    -8.219  2.00000
    35    -7.928  2.00000
    36    -7.694  2.00000
    37    -7.608  2.00000
    38    -7.430  2.00000
    39    -7.381  2.00000
    40    -7.056  2.00000
    41    -6.782  2.00000
    42    -6.714  2.00000
    43    -6.665  2.00000
    44    -6.037  2.00000
    45    -5.886  2.00000
    46    -2.319  0.00000
    47    -2.101  0.00000
    48    -1.343  0.00000
    49    -1.288  0.00000
    50    -0.549  0.00000
    51     1.178  0.00000
    52     2.042  0.00000
    53     3.150  0.00000
    54     8.026  0.00000
    55     8.482  0.00000
    56     8.656  0.00000
    57     8.714  0.00000
    58     8.901  0.00000
    59     9.395  0.00000
    60    10.063  0.00000
    61    10.225  0.00000
    62    11.196  0.00000
    63    12.128  0.00000
    64    12.645  0.00000
    65    13.018  0.00000
    66    14.234  0.00000
    67    14.283  0.00000
    68    14.961  0.00000
    69    15.241  0.00000
    70    16.370  0.00000
    71    16.866  0.00000
    72    17.556  0.00000
    73    18.299  0.00000
    74    20.008  0.00000
    75    20.230  0.00000
    76    20.979  0.00000
    77    21.308  0.00000
    78    21.608  0.00000
    79    22.919  0.00000
    80    23.207  0.00000
    81    25.437  0.00000
    82    26.704  0.00000
    83    27.104  0.00000
    84    29.723  0.00000
    85    30.269  0.00000
    86    32.828  0.00000

