 DIR x KPT            1  SPIN            1  KWEIGHT    1.0000000000000000     
     1   -0.193188E+02
     2   -0.306847E+02
     3    0.163308E+02
     4    0.130202E+02
     5   -0.700805E+02
     6    0.224943E+01
     7    0.171380E+02
     8    0.120345E+02
     9    0.104496E+02
    10    0.250865E+01
    11   -0.419542E+02
    12    0.153197E+02
    13   -0.719591E+01
    14    0.122820E+02
    15    0.805569E+00
    16   -0.137646E+02
    17    0.120415E+02
    18   -0.382325E+02
    19    0.124299E+01
    20   -0.348936E+02
    21    0.917742E+01
    22    0.700422E+01
    23   -0.549078E+02
    24   -0.730445E+01
    25   -0.757295E+01
    26    0.112867E+02
    27   -0.434400E+01
    28    0.110889E+02
    29    0.262062E+01
    30    0.163497E+00
    31    0.131101E+02
    32    0.435828E+01
    33   -0.664785E+02
    34   -0.108218E+01
    35    0.778067E+01
    36    0.944025E+01
    37    0.127442E+01
    38   -0.587773E+02
    39    0.109343E+02
    40    0.129299E+02
    41   -0.675552E+01
    42    0.187882E+02
    43    0.674714E+01
    44    0.535427E+01
    45   -0.284626E+02
    46   -0.748205E+02
    47    0.142174E+02
    48    0.203902E+02
    49    0.870115E+01
    50    0.139526E+02
    51   -0.557052E+02
    52    0.151428E+02
    53    0.133669E+02
    54   -0.822030E+02
    55    0.246277E+02
    56    0.950254E+01
    57    0.720183E+01
    58    0.190390E+02
    59    0.152841E+02
    60    0.152922E+02
    61    0.204209E+02
    62    0.161943E+02
    63   -0.106372E+03
    64   -0.173312E+02
    65   -0.120283E+02
    66    0.414279E+00
    67    0.155224E+02
    68    0.153026E+02
    69    0.275608E+02
    70   -0.458714E+02
    71    0.144300E+02
    72   -0.784787E+02
    73    0.147358E+02
    74    0.210707E+02
    75    0.798072E+01
    76    0.782610E+01
    77    0.213932E+02
    78    0.144200E+02
    79    0.139972E+02
    80    0.148496E+02
    81    0.145914E+02
    82   -0.771049E+02
    83    0.147913E+02
    84    0.185478E+02
    85    0.103360E+02
    86   -0.546747E+02

 DIR y KPT            1  SPIN            1  KWEIGHT    1.0000000000000000     
     1    0.339525E+02
     2    0.195562E+02
     3   -0.415792E+02
     4   -0.510770E+02
     5    0.424361E+02
     6   -0.273573E+02
     7   -0.401251E+02
     8   -0.593474E+02
     9   -0.417983E+02
    10    0.415685E+01
    11    0.216698E+02
    12   -0.435482E+02
    13   -0.233903E+02
    14   -0.524809E+02
    15   -0.300615E+02
    16    0.202325E+02
    17   -0.442117E+02
    18    0.417067E+02
    19    0.312423E+01
    20    0.178291E+02
    21   -0.626174E+02
    22   -0.286180E+02
    23    0.312989E+02
    24   -0.468146E+01
    25   -0.273069E+02
    26   -0.513196E+02
    27   -0.285590E+01
    28   -0.517575E+02
    29   -0.308961E+02
    30   -0.298599E+02
    31   -0.426331E+02
    32   -0.331375E+02
    33    0.415213E+02
    34   -0.218490E+02
    35   -0.778252E+01
    36   -0.345262E+02
    37   -0.477702E+02
    38    0.327005E+02
    39   -0.317581E+02
    40   -0.468769E+02
    41    0.166037E+02
    42   -0.203828E+02
    43   -0.744826E+02
    44   -0.371922E+02
    45    0.794125E+01
    46    0.483924E+02
    47   -0.462947E+02
    48   -0.273736E+02
    49   -0.720935E+02
    50   -0.499127E+02
    51    0.349988E+02
    52   -0.460972E+02
    53   -0.540080E+02
    54    0.547280E+02
    55    0.883253E+01
    56    0.339096E+02
    57   -0.778541E+02
    58   -0.198699E+02
    59   -0.495056E+02
    60   -0.446614E+02
    61   -0.279075E+02
    62   -0.451125E+02
    63    0.806089E+02
    64    0.305550E+02
    65    0.332744E+02
    66   -0.989373E+02
    67   -0.531249E+02
    68   -0.498805E+02
    69    0.796582E+01
    70    0.314732E+02
    71   -0.411595E+02
    72    0.506238E+02
    73   -0.497862E+02
    74   -0.234139E+02
    75   -0.744459E+02
    76   -0.747528E+02
    77   -0.260455E+02
    78   -0.481720E+02
    79   -0.497349E+02
    80   -0.501648E+02
    81   -0.494696E+02
    82    0.476056E+02
    83   -0.490451E+02
    84   -0.343514E+02
    85   -0.657540E+02
    86    0.330874E+02

 DIR z KPT            1  SPIN            1  KWEIGHT    1.0000000000000000     
     1    0.121450E+03
     2    0.141919E+03
     3   -0.802687E+02
     4   -0.980363E+02
     5    0.147988E+03
     6   -0.422443E+02
     7   -0.779440E+02
     8   -0.115214E+03
     9   -0.749114E+02
    10    0.278775E+02
    11    0.900319E+02
    12   -0.838319E+02
    13   -0.277064E+02
    14   -0.102117E+03
    15   -0.417889E+02
    16    0.827549E+02
    17   -0.823844E+02
    18    0.131166E+03
    19    0.346865E+02
    20    0.101101E+03
    21   -0.120644E+03
    22   -0.477646E+02
    23    0.107687E+03
    24    0.265429E+02
    25   -0.340929E+02
    26   -0.100035E+03
    27    0.187383E+02
    28   -0.973708E+02
    29   -0.430534E+02
    30   -0.355297E+02
    31   -0.721036E+02
    32   -0.595985E+02
    33    0.144938E+03
    34   -0.265444E+02
    35    0.713455E+01
    36   -0.516931E+02
    37   -0.826152E+02
    38    0.126000E+03
    39   -0.544072E+02
    40   -0.883860E+02
    41    0.845959E+02
    42   -0.350788E+02
    43   -0.142500E+03
    44   -0.509943E+02
    45    0.110080E+03
    46    0.170953E+03
    47   -0.881946E+02
    48   -0.537477E+02
    49   -0.139826E+03
    50   -0.954583E+02
    51    0.159224E+03
    52   -0.882555E+02
    53   -0.104095E+03
    54    0.174662E+03
    55    0.354527E+02
    56    0.834076E+02
    57   -0.151429E+03
    58   -0.472618E+02
    59   -0.902049E+02
    60   -0.861672E+02
    61   -0.490885E+02
    62   -0.852885E+02
    63    0.188494E+03
    64    0.108968E+03
    65    0.963488E+02
    66   -0.192960E+03
    67   -0.987392E+02
    68   -0.949111E+02
    69    0.216831E+02
    70    0.142244E+03
    71   -0.771419E+02
    72    0.174027E+03
    73   -0.962738E+02
    74   -0.454463E+02
    75   -0.144243E+03
    76   -0.144667E+03
    77   -0.461572E+02
    78   -0.955117E+02
    79   -0.978344E+02
    80   -0.952800E+02
    81   -0.947919E+02
    82    0.174741E+03
    83   -0.942828E+02
    84   -0.658529E+02
    85   -0.127127E+03
    86    0.159592E+03

