 Fermi distribution function

Geometry optimization step: 135


********************************************************************************
 iSCC Total electronic   Diff electronic      SCC error    
   10   -0.39573410E+02   -0.71054274E-14    0.67804429E-09
********************************************************************************

 Total charge:    -0.00000000

 Atomic gross charges (e)
 Atom           Charge
    1      -0.17255662
    2      -0.15149502
    3       0.67241495
    4      -0.53099727
    5      -0.35225060
    6       0.14921329
    7      -0.00153713
    8      -0.07817770
    9      -0.08994352
   10       0.03676555
   11      -0.09120407
   12      -0.08682816
   13       0.03968954
   14      -0.09111246
   15      -0.06712263
   16      -0.07407324
   17      -0.06735239
   18      -0.09131745
   19       0.10214214
   20       0.09401653
   21       0.09736796
   22       0.03961996
   23       0.05594840
   24       0.08553338
   25       0.07464749
   26       0.07285798
   27       0.07188245
   28       0.07166960
   29       0.07009030
   30       0.07088860
   31       0.06983540
   32       0.07138477

Nr. of electrons (up):     90.00000000
Atom populations (up)
 Atom       Population
    1       4.17255662
    2       4.15149502
    3       3.32758505
    4       6.53099727
    5       6.35225060
    6       3.85078671
    7       4.00153713
    8       4.07817770
    9       4.08994352
   10       3.96323445
   11       4.09120407
   12       4.08682816
   13       3.96031046
   14       4.09111246
   15       4.06712263
   16       4.07407324
   17       4.06735239
   18       4.09131745
   19       0.89785786
   20       0.90598347
   21       0.90263204
   22       0.96038004
   23       0.94405160
   24       0.91446662
   25       0.92535251
   26       0.92714202
   27       0.92811755
   28       0.92833040
   29       0.92990970
   30       0.92911140
   31       0.93016460
   32       0.92861523

l-shell populations (up)
 Atom Sh.   l       Population
    1   1   0       1.28049657
    1   2   1       2.89206005
    2   1   0       1.24932621
    2   2   1       2.90216882
    3   1   0       1.04071517
    3   2   1       2.28686988
    4   1   0       1.75969283
    4   2   1       4.77130445
    5   1   0       1.73547061
    5   2   1       4.61678000
    6   1   0       1.20307270
    6   2   1       2.64771401
    7   1   0       1.19138727
    7   2   1       2.81014986
    8   1   0       1.22495188
    8   2   1       2.85322582
    9   1   0       1.22633534
    9   2   1       2.86360817
   10   1   0       1.18465683
   10   2   1       2.77857763
   11   1   0       1.22564263
   11   2   1       2.86556144
   12   1   0       1.22390273
   12   2   1       2.86292543
   13   1   0       1.18402922
   13   2   1       2.77628125
   14   1   0       1.22602268
   14   2   1       2.86508979
   15   1   0       1.21980122
   15   2   1       2.84732141
   16   1   0       1.22046537
   16   2   1       2.85360787
   17   1   0       1.21982504
   17   2   1       2.84752735
   18   1   0       1.22593751
   18   2   1       2.86537994
   19   1   0       0.89785786
   20   1   0       0.90598347
   21   1   0       0.90263204
   22   1   0       0.96038004
   23   1   0       0.94405160
   24   1   0       0.91446662
   25   1   0       0.92535251
   26   1   0       0.92714202
   27   1   0       0.92811755
   28   1   0       0.92833040
   29   1   0       0.92990970
   30   1   0       0.92911140
   31   1   0       0.93016460
   32   1   0       0.92861523

Orbital populations (up)
 Atom Sh.   l   m       Population  Label
    1   1   0   0       1.28049657  s
    1   2   1  -1       0.95577416  p_y
    1   2   1   0       0.97218609  p_z
    1   2   1   1       0.96409979  p_x
    2   1   0   0       1.24932621  s
    2   2   1  -1       0.95066486  p_y
    2   2   1   0       0.98647297  p_z
    2   2   1   1       0.96503099  p_x
    3   1   0   0       1.04071517  s
    3   2   1  -1       0.71406132  p_y
    3   2   1   0       0.76867922  p_z
    3   2   1   1       0.80412934  p_x
    4   1   0   0       1.75969283  s
    4   2   1  -1       1.47283103  p_y
    4   2   1   0       1.59885529  p_z
    4   2   1   1       1.69961813  p_x
    5   1   0   0       1.73547061  s
    5   2   1  -1       1.63872722  p_y
    5   2   1   0       1.57771182  p_z
    5   2   1   1       1.40034095  p_x
    6   1   0   0       1.20307270  s
    6   2   1  -1       0.94437343  p_y
    6   2   1   0       0.90555153  p_z
    6   2   1   1       0.79778905  p_x
    7   1   0   0       1.19138727  s
    7   2   1  -1       0.91626388  p_y
    7   2   1   0       0.90625027  p_z
    7   2   1   1       0.98763571  p_x
    8   1   0   0       1.22495188  s
    8   2   1  -1       0.92110773  p_y
    8   2   1   0       0.93875551  p_z
    8   2   1   1       0.99336259  p_x
    9   1   0   0       1.22633534  s
    9   2   1  -1       0.94048401  p_y
    9   2   1   0       0.92596930  p_z
    9   2   1   1       0.99715486  p_x
   10   1   0   0       1.18465683  s
   10   2   1  -1       0.90924191  p_y
   10   2   1   0       0.90312923  p_z
   10   2   1   1       0.96620649  p_x
   11   1   0   0       1.22564263  s
   11   2   1  -1       0.92620510  p_y
   11   2   1   0       0.93612614  p_z
   11   2   1   1       1.00323020  p_x
   12   1   0   0       1.22390273  s
   12   2   1  -1       0.93772037  p_y
   12   2   1   0       0.92449195  p_z
   12   2   1   1       1.00071311  p_x
   13   1   0   0       1.18402922  s
   13   2   1  -1       0.92879192  p_y
   13   2   1   0       0.90808193  p_z
   13   2   1   1       0.93940741  p_x
   14   1   0   0       1.22602268  s
   14   2   1  -1       0.95048621  p_y
   14   2   1   0       0.94343567  p_z
   14   2   1   1       0.97116790  p_x
   15   1   0   0       1.21980122  s
   15   2   1  -1       0.95676030  p_y
   15   2   1   0       0.93273064  p_z
   15   2   1   1       0.95783047  p_x
   16   1   0   0       1.22046537  s
   16   2   1  -1       0.95357647  p_y
   16   2   1   0       0.94337569  p_z
   16   2   1   1       0.95665571  p_x
   17   1   0   0       1.21982504  s
   17   2   1  -1       0.94891998  p_y
   17   2   1   0       0.93812221  p_z
   17   2   1   1       0.96048516  p_x
   18   1   0   0       1.22593751  s
   18   2   1  -1       0.96264815  p_y
   18   2   1   0       0.93396647  p_z
   18   2   1   1       0.96876532  p_x
   19   1   0   0       0.89785786  s
   20   1   0   0       0.90598347  s
   21   1   0   0       0.90263204  s
   22   1   0   0       0.96038004  s
   23   1   0   0       0.94405160  s
   24   1   0   0       0.91446662  s
   25   1   0   0       0.92535251  s
   26   1   0   0       0.92714202  s
   27   1   0   0       0.92811755  s
   28   1   0   0       0.92833040  s
   29   1   0   0       0.92990970  s
   30   1   0   0       0.92911140  s
   31   1   0   0       0.93016460  s
   32   1   0   0       0.92861523  s

Fermi level:                        -0.1507570504 H           -4.1023 eV
Band energy:                       -37.8720950988 H        -1030.5521 eV
TS:                                  0.0000000000 H            0.0000 eV
Band free energy (E-TS):           -37.8720950988 H        -1030.5521 eV
Extrapolated E(0K):                -37.8720950988 H        -1030.5521 eV
Input / Output electrons (q):     90.0000000000     90.0000000000

Energy H0:                         -39.6088332316 H        -1077.8112 eV
Energy SCC:                          0.0354231323 H            0.9639 eV
Total Electronic energy:           -39.5734100993 H        -1076.8473 eV
Repulsive energy:                    0.3424831769 H            9.3194 eV
Total energy:                      -39.2309269224 H        -1067.5278 eV
Extrapolated to 0:                 -39.2309269224 H        -1067.5278 eV
Total Mermin free energy:          -39.2309269224 H        -1067.5278 eV
Force related energy:              -39.2309269224 H        -1067.5278 eV

Non-constrained calculation

SCC converged

Full geometry written in 15621059.{xyz|gen}

Dipole moment:   -0.07973030    0.69208141   -0.24904321 au
Dipole moment:   -0.20265422    1.75909562   -0.63300475 Debye

Geometry converged

Atomic charge derivatives (a.u.), d q / d E_x:
   1   0.286637674446E+01
   2  -0.185319807584E+01
   3   0.471941753717E+00
   4  -0.195416003570E+01
   5   0.275511077217E+00
   6   0.591604047489E+00
   7  -0.322533078565E+00
   8  -0.836734702786E+00
   9  -0.417588244109E+00
  10   0.434935620863E+00
  11   0.308974018883E+00
  12   0.325732339418E+00
  13  -0.462239647046E+00
  14  -0.147956481178E+01
  15  -0.130042815129E+01
  16   0.512359174603E+00
  17   0.163890014751E+01
  18   0.140632612012E+01
  19  -0.976421655312E+00
  20   0.289805806255E+01
  21   0.165298292366E+01
  22  -0.223850231726E+01
  23  -0.194456733905E+01
  24  -0.107690220174E+01
  25  -0.408606699822E+00
  26   0.626379664427E+00
  27   0.472171418590E+00
  28  -0.222395058046E+01
  29  -0.184392391273E+01
  30   0.529482536117E+00
  31   0.243591743687E+01
  32   0.189166836698E+01

Atomic charge derivatives (a.u.), d q / d E_y:
   1  -0.410983246731E+01
   2   0.326604904575E+01
   3  -0.932597641574E+00
   4   0.446800327746E+01
   5  -0.201896628974E+01
   6   0.467618837015E+00
   7  -0.189137397552E+01
   8   0.975987890086E+00
   9   0.161523590760E+01
  10   0.189152072618E+01
  11  -0.153177810922E+01
  12  -0.194269588183E+01
  13  -0.176484285760E+01
  14   0.106024307621E+01
  15   0.195952693443E+01
  16   0.184164779690E+01
  17  -0.712479660524E+00
  18  -0.102634111511E+01
  19  -0.216738654091E+01
  20  -0.118993953360E+01
  21   0.182051432547E+01
  22  -0.286551136348E+01
  23   0.559002063748E+00
  24   0.129075104851E+01
  25   0.285153624459E+01
  26  -0.168293525570E+01
  27  -0.321341036830E+01
  28   0.100842645703E+01
  29   0.293732845394E+01
  30   0.180083681391E+01
  31  -0.798294572206E+00
  32  -0.196584326622E+01

Atomic charge derivatives (a.u.), d q / d E_z:
   1  -0.108941985221E+01
   2   0.179132408997E+00
   3  -0.880596495523E-01
   4  -0.579299208951E+00
   5   0.238692532553E+00
   6   0.664169649319E+00
   7  -0.372073771423E+01
   8  -0.146588851556E+01
   9  -0.721581387661E+00
  10   0.376081247749E+01
  11   0.859092217257E+00
  12  -0.884099702909E-01
  13  -0.345293716023E+01
  14  -0.252937864378E+00
  15   0.762318075606E+00
  16   0.359292515892E+01
  17   0.166117591330E+01
  18   0.349794689609E+00
  19   0.144949981700E+01
  20  -0.185113573519E+01
  21  -0.219906517074E+01
  22  -0.495674074834E+00
  23  -0.223280535324E+01
  24  -0.278585368581E+01
  25   0.551745222954E-01
  26   0.225081950895E+01
  27  -0.615657605274E+00
  28  -0.136203555847E+01
  29   0.146994559318E+01
  30   0.350510653191E+01
  31   0.269630158475E+01
  32  -0.493462174520E+00


Electric polarisability (a.u.)
  0.838728136967E+02 -0.436767821662E+02  0.188268773286E+02
 -0.436767902720E+02  0.155520584768E+03  0.511361722529E+02
  0.188268570031E+02  0.511361622988E+02  0.202789293125E+03

