 DIR x KPT            1  SPIN            1  KWEIGHT    1.0000000000000000     
     1    0.109856E+03
     2    0.128032E+03
     3    0.905995E+02
     4    0.240770E+02
     5    0.124172E+02
     6   -0.370304E+02
     7    0.564200E+02
     8    0.484386E+02
     9    0.295070E+02
    10    0.532572E+02
    11    0.987435E+02
    12    0.727633E+02
    13    0.534642E+02
    14   -0.968227E+01
    15    0.533511E+02
    16    0.174283E+02
    17    0.102518E+03
    18    0.107654E+03
    19   -0.525553E+02
    20    0.823084E+02
    21    0.113018E+03
    22    0.105437E+03
    23    0.544861E+02
    24    0.595967E+01
    25   -0.247994E+02
    26    0.636659E+02
    27   -0.322529E+02
    28    0.147966E+02
    29    0.532185E+01
    30   -0.410340E+02
    31   -0.206229E+02
    32    0.150594E+03
    33    0.150594E+03
    34    0.150594E+03
    35    0.150594E+03
    36    0.150594E+03
    37    0.948160E+02
    38    0.948160E+02
    39    0.948160E+02
    40    0.948160E+02
    41    0.948160E+02
    42    0.850811E+02
    43    0.850811E+02
    44    0.850811E+02
    45    0.850811E+02
    46    0.850811E+02
    47    0.740207E+02
    48    0.916599E+02
    49   -0.571179E+02
    50    0.772038E+02
    51    0.934521E+02
    52    0.952130E+02
    53    0.764950E+02
    54   -0.642545E+02
    55   -0.298038E+02
    56    0.333920E+02
    57    0.487757E+02
    58   -0.475473E+02
    59   -0.482106E+02
    60   -0.128513E+02

 DIR y KPT            1  SPIN            1  KWEIGHT    1.0000000000000000     
     1    0.225627E+02
     2    0.203877E+02
     3    0.258983E+02
     4    0.325975E+01
     5   -0.321020E+01
     6    0.106043E+01
     7    0.833291E+01
     8    0.111143E+02
     9    0.696082E+01
    10    0.100048E+02
    11    0.226400E+02
    12    0.125885E+02
    13    0.119782E+02
    14    0.169109E+01
    15    0.465852E+01
    16    0.332573E+01
    17    0.222594E+02
    18    0.200877E+02
    19    0.155196E+01
    20    0.166211E+02
    21    0.210918E+02
    22    0.230376E+02
    23    0.954543E+01
    24    0.331166E+01
    25    0.163504E+01
    26    0.104805E+02
    27    0.754330E+00
    28   -0.660689E+00
    29   -0.394172E+01
    30   -0.140617E+01
    31   -0.748176E+00
    32    0.155505E+02
    33    0.155505E+02
    34    0.155505E+02
    35    0.155505E+02
    36    0.155505E+02
    37    0.621125E+02
    38    0.621125E+02
    39    0.621125E+02
    40    0.621125E+02
    41    0.621125E+02
    42   -0.755084E+01
    43   -0.755084E+01
    44   -0.755084E+01
    45   -0.755084E+01
    46   -0.755084E+01
    47    0.922619E+01
    48    0.891771E+01
    49    0.162228E+01
    50    0.797644E+01
    51    0.135949E+02
    52    0.173871E+02
    53    0.140400E+02
    54   -0.193315E+01
    55    0.193703E+01
    56    0.304911E+01
    57    0.576561E+01
    58   -0.774869E-01
    59   -0.828110E+00
    60   -0.192800E+01

 DIR z KPT            1  SPIN            1  KWEIGHT    1.0000000000000000     
     1    0.930525E+02
     2    0.914016E+02
     3    0.985094E+02
     4   -0.149438E+02
     5   -0.485070E+02
     6   -0.501439E+02
     7    0.180852E+02
     8    0.238851E+02
     9    0.666339E+00
    10    0.237965E+02
    11    0.853074E+02
    12    0.419906E+02
    13    0.297426E+02
    14   -0.372926E+02
    15    0.496035E+01
    16   -0.196648E+02
    17    0.855847E+02
    18    0.845903E+02
    19   -0.548068E+02
    20    0.562641E+02
    21    0.931903E+02
    22    0.939530E+02
    23    0.201225E+02
    24   -0.260539E+02
    25   -0.438084E+02
    26    0.277138E+02
    27   -0.485468E+02
    28   -0.351513E+02
    29   -0.546695E+02
    30   -0.626112E+02
    31   -0.510679E+02
    32    0.889137E+02
    33    0.889137E+02
    34    0.889137E+02
    35    0.889137E+02
    36    0.889137E+02
    37    0.900298E+02
    38    0.900298E+02
    39    0.900298E+02
    40    0.900298E+02
    41    0.900298E+02
    42    0.109505E+03
    43    0.109505E+03
    44    0.109505E+03
    45    0.109505E+03
    46    0.109505E+03
    47    0.304650E+02
    48    0.348934E+02
    49   -0.556354E+02
    50    0.260008E+02
    51    0.546571E+02
    52    0.576388E+02
    53    0.566979E+02
    54   -0.754543E+02
    55   -0.431773E+02
    56   -0.123220E+02
    57    0.603262E+01
    58   -0.593064E+02
    59   -0.629809E+02
    60   -0.532021E+02

