 KPT            1  SPIN            1  KWEIGHT    1.0000000000000000     
     1   -24.771  2.00000
     2   -22.996  2.00000
     3   -17.985  2.00000
     4   -17.691  2.00000
     5   -16.154  2.00000
     6   -14.693  2.00000
     7   -13.847  2.00000
     8   -12.873  2.00000
     9   -11.850  2.00000
    10   -10.942  2.00000
    11   -10.685  2.00000
    12   -10.420  2.00000
    13   -10.031  2.00000
    14    -9.687  2.00000
    15    -9.678  2.00000
    16    -9.061  2.00000
    17    -9.010  2.00000
    18    -8.799  2.00000
    19    -8.341  2.00000
    20    -8.080  2.00000
    21    -7.878  2.00000
    22    -7.777  2.00000
    23    -7.460  2.00000
    24    -7.386  2.00000
    25    -6.699  2.00000
    26    -5.869  2.00000
    27    -2.297  0.00000
    28     1.197  0.00000
    29     6.847  0.00000
    30     7.417  0.00000
    31     7.993  0.00000
    32     8.104  0.00000
    33     8.867  0.00000
    34    10.081  0.00000
    35    10.356  0.00000
    36    11.899  0.00000
    37    12.083  0.00000
    38    12.229  0.00000
    39    12.524  0.00000
    40    13.104  0.00000
    41    13.888  0.00000
    42    15.434  0.00000
    43    16.498  0.00000
    44    16.746  0.00000
    45    17.550  0.00000
    46    17.887  0.00000
    47    26.676  0.00000
    48    32.755  0.00000

