 DIR x KPT            1  SPIN            1  KWEIGHT    1.0000000000000000     
     1    0.505579E+01
     2   -0.298184E+01
     3    0.127808E+02
     4    0.252309E+02
     5   -0.528277E+01
     6    0.755514E+01
     7    0.256241E+02
     8    0.476839E+01
     9   -0.750755E+00
    10    0.195523E+02
    11   -0.269604E+01
    12    0.142107E+02
    13    0.120336E+02
    14    0.254719E+02
    15    0.103259E+02
    16    0.662639E+01
    17   -0.457863E+01
    18    0.576033E+00
    19    0.452603E+02
    20    0.317084E+01
    21   -0.715290E+01
    22   -0.106837E+02
    23   -0.458418E+01
    24    0.306160E+02
    25   -0.625770E+01
    26   -0.109481E+01
    27    0.461150E+02
    28    0.237126E+02
    29   -0.237648E+02
    30   -0.154058E+02
    31   -0.970047E+01
    32    0.607748E+02
    33   -0.592877E+01
    34   -0.627644E+01
    35   -0.135313E+02
    36   -0.801662E+01
    37    0.441657E+02
    38    0.369244E+02
    39   -0.144423E+02
    40    0.203528E+02
    41   -0.153108E+02
    42   -0.182375E+02
    43    0.556614E+01
    44   -0.125023E+02
    45    0.488532E+02
    46    0.123340E+01
    47    0.454880E+02
    48    0.217839E+02

 DIR y KPT            1  SPIN            1  KWEIGHT    1.0000000000000000     
     1   -0.232207E+02
     2   -0.189518E+02
     3    0.466752E+01
     4    0.873771E+01
     5    0.593403E+01
     6    0.337271E+00
     7   -0.174008E+01
     8    0.108558E+02
     9   -0.988838E+01
    10   -0.159664E+02
    11   -0.108040E+02
    12   -0.561667E+01
    13    0.108861E+02
    14   -0.562647E-01
    15    0.147900E+02
    16    0.217294E+01
    17    0.740854E+01
    18    0.304102E+01
    19   -0.571990E+01
    20    0.107091E+02
    21    0.226920E+02
    22    0.235943E+02
    23   -0.160827E+01
    24   -0.981373E+01
    25   -0.175627E+02
    26   -0.168716E+02
    27   -0.117013E+02
    28   -0.149404E+02
    29    0.162049E+01
    30    0.177855E+02
    31    0.174811E+02
    32   -0.599674E+01
    33    0.998604E+01
    34    0.610109E+01
    35    0.480346E+01
    36    0.150479E+01
    37    0.602375E+01
    38    0.606065E+01
    39    0.202262E+02
    40   -0.216724E+01
    41    0.502470E+01
    42    0.114434E+02
    43   -0.360983E+01
    44    0.699029E+01
    45   -0.967064E+01
    46    0.325683E+02
    47   -0.112432E+02
    48   -0.149493E+02

 DIR z KPT            1  SPIN            1  KWEIGHT    1.0000000000000000     
     1    0.434706E+02
     2    0.690206E+02
     3    0.154711E+02
     4    0.253608E+02
     5   -0.499445E+02
     6   -0.346919E+01
     7    0.304260E+02
     8   -0.115685E+02
     9    0.163142E+02
    10    0.487373E+02
    11    0.197936E+02
    12    0.428806E+02
    13   -0.622950E+01
    14    0.359369E+02
    15   -0.221551E+02
    16   -0.104611E+02
    17   -0.447061E+02
    18   -0.302311E+02
    19    0.733026E+02
    20   -0.292159E+02
    21   -0.524937E+02
    22   -0.509298E+02
    23   -0.114747E+02
    24    0.666646E+02
    25    0.319526E+02
    26    0.779576E+02
    27    0.984072E+02
    28    0.856811E+02
    29   -0.367136E+02
    30   -0.607534E+02
    31   -0.666323E+02
    32    0.107828E+03
    33   -0.520564E+02
    34   -0.682790E+02
    35   -0.707792E+02
    36   -0.314144E+02
    37    0.397349E+02
    38    0.215313E+02
    39   -0.729332E+02
    40    0.408078E+02
    41   -0.440754E+02
    42   -0.514841E+02
    43    0.294480E+02
    44   -0.206224E+02
    45    0.951059E+02
    46   -0.944747E+02
    47    0.101177E+03
    48    0.866477E+02

