 Fermi distribution function

Geometry optimization step: 155


********************************************************************************
 iSCC Total electronic   Diff electronic      SCC error    
    9   -0.23154069E+02    0.35527137E-14    0.50207039E-09
********************************************************************************

 Total charge:    -0.00000000

 Atomic gross charges (e)
 Atom           Charge
    1      -0.20901764
    2      -0.09008129
    3      -0.13804353
    4       0.15360126
    5      -0.35138188
    6       0.66895745
    7      -0.53367918
    8      -0.15245315
    9      -0.17399355
   10       0.06468642
   11       0.06619964
   12       0.06582418
   13       0.05307132
   14       0.06079546
   15       0.05594401
   16       0.07770341
   17       0.05138966
   18       0.03753435
   19       0.09702016
   20       0.09375806
   21       0.10216485

Nr. of electrons (up):     52.00000000
Atom populations (up)
 Atom       Population
    1       4.20901764
    2       4.09008129
    3       4.13804353
    4       3.84639874
    5       6.35138188
    6       3.33104255
    7       6.53367918
    8       4.15245315
    9       4.17399355
   10       0.93531358
   11       0.93380036
   12       0.93417582
   13       0.94692868
   14       0.93920454
   15       0.94405599
   16       0.92229659
   17       0.94861034
   18       0.96246565
   19       0.90297984
   20       0.90624194
   21       0.89783515

l-shell populations (up)
 Atom Sh.   l       Population
    1   1   0       1.27129158
    1   2   1       2.93772606
    2   1   0       1.23622157
    2   2   1       2.85385972
    3   1   0       1.24770415
    3   2   1       2.89033938
    4   1   0       1.20166953
    4   2   1       2.64472921
    5   1   0       1.73114225
    5   2   1       4.62023963
    6   1   0       1.04076154
    6   2   1       2.29028101
    7   1   0       1.76007170
    7   2   1       4.77360748
    8   1   0       1.24983010
    8   2   1       2.90262305
    9   1   0       1.28055064
    9   2   1       2.89344291
   10   1   0       0.93531358
   11   1   0       0.93380036
   12   1   0       0.93417582
   13   1   0       0.94692868
   14   1   0       0.93920454
   15   1   0       0.94405599
   16   1   0       0.92229659
   17   1   0       0.94861034
   18   1   0       0.96246565
   19   1   0       0.90297984
   20   1   0       0.90624194
   21   1   0       0.89783515

Orbital populations (up)
 Atom Sh.   l   m       Population  Label
    1   1   0   0       1.27129158  s
    1   2   1  -1       0.98565117  p_y
    1   2   1   0       0.96755334  p_z
    1   2   1   1       0.98452154  p_x
    2   1   0   0       1.23622157  s
    2   2   1  -1       0.95794888  p_y
    2   2   1   0       0.94172968  p_z
    2   2   1   1       0.95418116  p_x
    3   1   0   0       1.24770415  s
    3   2   1  -1       0.94852023  p_y
    3   2   1   0       0.97457749  p_z
    3   2   1   1       0.96724166  p_x
    4   1   0   0       1.20166953  s
    4   2   1  -1       0.94447293  p_y
    4   2   1   0       0.85746510  p_z
    4   2   1   1       0.84279118  p_x
    5   1   0   0       1.73114225  s
    5   2   1  -1       1.75785081  p_y
    5   2   1   0       1.23378482  p_z
    5   2   1   1       1.62860400  p_x
    6   1   0   0       1.04076154  s
    6   2   1  -1       0.78028538  p_y
    6   2   1   0       0.73957417  p_z
    6   2   1   1       0.77042146  p_x
    7   1   0   0       1.76007170  s
    7   2   1  -1       1.46288613  p_y
    7   2   1   0       1.85620395  p_z
    7   2   1   1       1.45451740  p_x
    8   1   0   0       1.24983010  s
    8   2   1  -1       0.99458642  p_y
    8   2   1   0       0.96978631  p_z
    8   2   1   1       0.93825032  p_x
    9   1   0   0       1.28055064  s
    9   2   1  -1       0.97508670  p_y
    9   2   1   0       0.96889054  p_z
    9   2   1   1       0.94946568  p_x
   10   1   0   0       0.93531358  s
   11   1   0   0       0.93380036  s
   12   1   0   0       0.93417582  s
   13   1   0   0       0.94692868  s
   14   1   0   0       0.93920454  s
   15   1   0   0       0.94405599  s
   16   1   0   0       0.92229659  s
   17   1   0   0       0.94861034  s
   18   1   0   0       0.96246565  s
   19   1   0   0       0.90297984  s
   20   1   0   0       0.90624194  s
   21   1   0   0       0.89783515  s

Fermi level:                        -0.1500479125 H           -4.0830 eV
Band energy:                       -22.0983032254 H         -601.3254 eV
TS:                                  0.0000000000 H            0.0000 eV
Band free energy (E-TS):           -22.0983032254 H         -601.3254 eV
Extrapolated E(0K):                -22.0983032254 H         -601.3254 eV
Input / Output electrons (q):     52.0000000000     52.0000000000

Energy H0:                         -23.1860818920 H         -630.9254 eV
Energy SCC:                          0.0320131550 H            0.8711 eV
Total Electronic energy:           -23.1540687370 H         -630.0543 eV
Repulsive energy:                    0.0376589596 H            1.0248 eV
Total energy:                      -23.1164097774 H         -629.0295 eV
Extrapolated to 0:                 -23.1164097774 H         -629.0295 eV
Total Mermin free energy:          -23.1164097774 H         -629.0295 eV
Force related energy:              -23.1164097774 H         -629.0295 eV

Non-constrained calculation

SCC converged

Full geometry written in 8846.{xyz|gen}

Dipole moment:    0.67153428   -0.00872863   -0.48187148 au
Dipole moment:    1.70687003   -0.02218597   -1.22479522 Debye

Geometry converged

Atomic charge derivatives (a.u.), d q / d E_x:
   1   0.110464087593E+00
   2   0.390658261640E-01
   3  -0.220717400025E+00
   4  -0.331606724327E+00
   5  -0.170014961590E+01
   6  -0.109606661606E+01
   7   0.514770821869E+01
   8   0.372192657145E+01
   9  -0.493210428642E+01
  10   0.187289463196E+01
  11  -0.148749858791E+01
  12  -0.210451906206E+01
  13   0.124690658177E+01
  14  -0.200798948179E+01
  15   0.252109256344E+01
  16   0.142131923774E+01
  17   0.195488523040E+01
  18  -0.926844705310E+00
  19   0.563899665936E+00
  20  -0.262697143283E+01
  21  -0.116569470253E+01

Atomic charge derivatives (a.u.), d q / d E_y:
   1  -0.401086162192E-01
   2   0.238712123283E+00
   3  -0.680016675541E-01
   4  -0.312641813093E+00
   5   0.376353295677E+00
   6   0.135201842925E+00
   7  -0.853668600866E-01
   8   0.946234291160E-01
   9  -0.151772400223E+00
  10   0.550545629033E+00
  11   0.247406222650E+01
  12  -0.193748304511E+01
  13  -0.297191838083E+01
  14  -0.881143121399E+00
  15   0.653273688798E+00
  16  -0.145421242876E+01
  17   0.226735733826E+01
  18   0.189657527011E+01
  19  -0.734168800988E+00
  20  -0.658581280267E+00
  21   0.608693570829E+00

Atomic charge derivatives (a.u.), d q / d E_z:
   1  -0.343759524964E+00
   2  -0.853316921897E-01
   3   0.670882334361E-01
   4  -0.292042348282E+00
   5   0.137048339014E+01
   6   0.207849699429E+00
   7  -0.147658131907E+01
   8  -0.366205975497E+00
   9  -0.287245251281E+00
  10   0.244626860804E+01
  11  -0.274495715463E+00
  12   0.183390300998E+01
  13   0.792120971060E+00
  14  -0.195472964737E+01
  15   0.206573490584E+01
  16  -0.202384079709E+01
  17  -0.102481612595E+01
  18   0.222130226951E+01
  19  -0.314710898357E+01
  20  -0.223713886667E+01
  21   0.250854515995E+01


Electric polarisability (a.u.)
  0.787246031498E+02  0.310576659312E+01  0.296828458478E+01
  0.310576445390E+01  0.356361985528E+02  0.571355645097E+01
  0.296827048732E+01  0.571355638829E+01  0.714912529107E+02

